Cache sync 1 at Sat Mar  7 18:18:25 UTC 2026
Cache sync 2 at Sat Mar  7 18:18:25 UTC 2026
Cache sync 3 at Sat Mar  7 18:18:25 UTC 2026
Cache sync 4 at Sat Mar  7 18:18:25 UTC 2026
Cache sync 5 at Sat Mar  7 18:18:25 UTC 2026
Cache sync 6 at Sat Mar  7 18:18:25 UTC 2026
Cache sync 7 at Sat Mar  7 18:18:25 UTC 2026
Cache sync 8 at Sat Mar  7 18:18:25 UTC 2026
Cache sync 9 at Sat Mar  7 18:18:25 UTC 2026
Cache sync 10 at Sat Mar  7 18:18:25 UTC 2026
Cache sync 11 at Sat Mar  7 18:18:25 UTC 2026
Cache sync 12 at Sat Mar  7 18:18:25 UTC 2026
Cache sync 13 at Sat Mar  7 18:18:25 UTC 2026
Cache sync 14 at Sat Mar  7 18:18:25 UTC 2026
Cache sync 15 at Sat Mar  7 18:18:25 UTC 2026
Cache sync 16 at Sat Mar  7 18:18:25 UTC 2026
Cache sync 17 at Sat Mar  7 18:18:25 UTC 2026
Cache sync 18 at Sat Mar  7 18:18:25 UTC 2026
Cache sync 19 at Sat Mar  7 18:18:25 UTC 2026
Cache sync 20 at Sat Mar  7 18:18:25 UTC 2026
Cache sync 21 at Sat Mar  7 18:18:25 UTC 2026
Cache sync 22 at Sat Mar  7 18:18:25 UTC 2026
Cache sync 23 at Sat Mar  7 18:18:25 UTC 2026
Cache sync 24 at Sat Mar  7 18:18:25 UTC 2026
Cache sync 25 at Sat Mar  7 18:18:25 UTC 2026
Cache sync 26 at Sat Mar  7 18:18:25 UTC 2026
Cache sync 27 at Sat Mar  7 18:18:25 UTC 2026
Cache sync 28 at Sat Mar  7 18:18:25 UTC 2026
Cache sync 29 at Sat Mar  7 18:18:25 UTC 2026
Cache sync 30 at Sat Mar  7 18:18:25 UTC 2026
Cache sync 31 at Sat Mar  7 18:18:25 UTC 2026
Cache sync 32 at Sat Mar  7 18:18:25 UTC 2026
Cache sync 33 at Sat Mar  7 18:18:25 UTC 2026
Cache sync 34 at Sat Mar  7 18:18:25 UTC 2026
Cache sync 35 at Sat Mar  7 18:18:25 UTC 2026
Cache sync 36 at Sat Mar  7 18:18:25 UTC 2026
Cache sync 37 at Sat Mar  7 18:18:25 UTC 2026
Cache sync 38 at Sat Mar  7 18:18:25 UTC 2026
Cache sync 39 at Sat Mar  7 18:18:25 UTC 2026
Cache sync 40 at Sat Mar  7 18:18:25 UTC 2026
Cache sync 41 at Sat Mar  7 18:18:25 UTC 2026
Cache sync 42 at Sat Mar  7 18:18:25 UTC 2026
Cache sync 43 at Sat Mar  7 18:18:25 UTC 2026
Cache sync 44 at Sat Mar  7 18:18:25 UTC 2026
Cache sync 45 at Sat Mar  7 18:18:25 UTC 2026
Cache sync 46 at Sat Mar  7 18:18:25 UTC 2026
Cache sync 1 at Sun Mar  8 01:06:28 UTC 2026
Cache sync 2 at Sun Mar  8 01:06:28 UTC 2026
Cache sync 3 at Sun Mar  8 01:06:28 UTC 2026
Cache sync 4 at Sun Mar  8 01:06:28 UTC 2026
Cache sync 5 at Sun Mar  8 01:06:28 UTC 2026
Cache sync 6 at Sun Mar  8 01:06:28 UTC 2026
Cache sync 7 at Sun Mar  8 01:06:28 UTC 2026
Cache sync 8 at Sun Mar  8 01:06:28 UTC 2026
Cache sync 9 at Sun Mar  8 01:06:28 UTC 2026
Cache sync 10 at Sun Mar  8 01:06:28 UTC 2026
Cache sync 11 at Sun Mar  8 01:06:28 UTC 2026
Cache sync 12 at Sun Mar  8 01:06:28 UTC 2026
Cache sync 13 at Sun Mar  8 01:06:28 UTC 2026
Cache sync 14 at Sun Mar  8 01:06:28 UTC 2026
Cache sync 15 at Sun Mar  8 01:06:28 UTC 2026
Cache sync 16 at Sun Mar  8 01:06:28 UTC 2026
Cache sync 17 at Sun Mar  8 01:06:28 UTC 2026
Cache sync 18 at Sun Mar  8 01:06:28 UTC 2026
Cache sync 19 at Sun Mar  8 01:06:28 UTC 2026
Cache sync 20 at Sun Mar  8 01:06:28 UTC 2026
Cache sync 21 at Sun Mar  8 01:06:28 UTC 2026
Cache sync 22 at Sun Mar  8 01:06:28 UTC 2026
Cache sync 23 at Sun Mar  8 01:06:28 UTC 2026
Cache sync 24 at Sun Mar  8 01:06:28 UTC 2026
Cache sync 25 at Sun Mar  8 01:06:28 UTC 2026
Cache sync 26 at Sun Mar  8 01:06:28 UTC 2026
Cache sync 27 at Sun Mar  8 01:06:28 UTC 2026
Cache sync 28 at Sun Mar  8 01:06:28 UTC 2026
Cache sync 29 at Sun Mar  8 01:06:28 UTC 2026
Cache sync 30 at Sun Mar  8 01:06:28 UTC 2026
Cache sync 31 at Sun Mar  8 01:06:28 UTC 2026
Cache sync 32 at Sun Mar  8 01:06:28 UTC 2026
Cache sync 33 at Sun Mar  8 01:06:28 UTC 2026
Cache sync 34 at Sun Mar  8 01:06:28 UTC 2026
Cache sync 35 at Sun Mar  8 01:06:28 UTC 2026
Cache sync 36 at Sun Mar  8 01:06:28 UTC 2026
Cache sync 37 at Sun Mar  8 01:06:28 UTC 2026
Cache sync 38 at Sun Mar  8 01:06:28 UTC 2026
Cache sync 39 at Sun Mar  8 01:06:28 UTC 2026
Cache sync 40 at Sun Mar  8 01:06:28 UTC 2026
Cache sync 41 at Sun Mar  8 01:06:28 UTC 2026
Cache sync 42 at Sun Mar  8 01:06:28 UTC 2026
Cache sync 43 at Sun Mar  8 01:06:28 UTC 2026
Cache sync 44 at Sun Mar  8 01:06:28 UTC 2026
Cache sync 45 at Sun Mar  8 01:06:28 UTC 2026
Cache sync 46 at Sun Mar  8 01:06:28 UTC 2026
Cache sync 47 at Sun Mar  8 01:06:28 UTC 2026
Cache sync 48 at Sun Mar  8 01:06:28 UTC 2026
Cache sync 49 at Sun Mar  8 01:06:28 UTC 2026
Cache sync 50 at Sun Mar  8 01:06:28 UTC 2026
Cache sync 51 at Sun Mar  8 01:06:28 UTC 2026
Cache sync 52 at Sun Mar  8 01:06:28 UTC 2026
Cache sync 53 at Sun Mar  8 01:06:28 UTC 2026
Cache sync 54 at Sun Mar  8 01:06:28 UTC 2026
Cache sync 55 at Sun Mar  8 01:06:28 UTC 2026
Cache sync 56 at Sun Mar  8 01:06:28 UTC 2026
Cache sync 57 at Sun Mar  8 01:06:28 UTC 2026
Cache sync 58 at Sun Mar  8 01:06:28 UTC 2026
Cache sync 1 at Sun Mar  8 06:29:22 UTC 2026
Cache sync 2 at Sun Mar  8 06:29:22 UTC 2026
Cache sync 3 at Sun Mar  8 06:29:22 UTC 2026
Cache sync 4 at Sun Mar  8 06:29:22 UTC 2026
Cache sync 5 at Sun Mar  8 06:29:22 UTC 2026
Cache sync 6 at Sun Mar  8 06:29:22 UTC 2026
Cache sync 7 at Sun Mar  8 06:29:22 UTC 2026
Cache sync 8 at Sun Mar  8 06:29:22 UTC 2026
Cache sync 9 at Sun Mar  8 06:29:22 UTC 2026
Cache sync 10 at Sun Mar  8 06:29:22 UTC 2026
Cache sync 11 at Sun Mar  8 06:29:22 UTC 2026
Cache sync 12 at Sun Mar  8 06:29:22 UTC 2026
Cache sync 13 at Sun Mar  8 06:29:22 UTC 2026
Cache sync 14 at Sun Mar  8 06:29:22 UTC 2026
Cache sync 15 at Sun Mar  8 06:29:22 UTC 2026
Cache sync 16 at Sun Mar  8 06:29:22 UTC 2026
Cache sync 17 at Sun Mar  8 06:29:22 UTC 2026
Cache sync 18 at Sun Mar  8 06:29:22 UTC 2026
Cache sync 19 at Sun Mar  8 06:29:22 UTC 2026
Cache sync 20 at Sun Mar  8 06:29:22 UTC 2026
Cache sync 21 at Sun Mar  8 06:29:22 UTC 2026
Cache sync 22 at Sun Mar  8 06:29:22 UTC 2026
Cache sync 23 at Sun Mar  8 06:29:22 UTC 2026
Cache sync 24 at Sun Mar  8 06:29:22 UTC 2026
Cache sync 25 at Sun Mar  8 06:29:22 UTC 2026
Cache sync 26 at Sun Mar  8 06:29:22 UTC 2026
Cache sync 27 at Sun Mar  8 06:29:22 UTC 2026
Cache sync 28 at Sun Mar  8 06:29:22 UTC 2026
Cache sync 29 at Sun Mar  8 06:29:22 UTC 2026
Cache sync 30 at Sun Mar  8 06:29:22 UTC 2026
Cache sync 31 at Sun Mar  8 06:29:22 UTC 2026
Cache sync 32 at Sun Mar  8 06:29:22 UTC 2026
Cache sync 33 at Sun Mar  8 06:29:22 UTC 2026
Cache sync 34 at Sun Mar  8 06:29:22 UTC 2026
Cache sync 35 at Sun Mar  8 06:29:22 UTC 2026
Cache sync 36 at Sun Mar  8 06:29:22 UTC 2026
Cache sync 37 at Sun Mar  8 06:29:22 UTC 2026
Cache sync 38 at Sun Mar  8 06:29:22 UTC 2026
Cache sync 39 at Sun Mar  8 06:29:22 UTC 2026
Cache sync 40 at Sun Mar  8 06:29:22 UTC 2026
Cache sync 41 at Sun Mar  8 06:29:22 UTC 2026
Cache sync 42 at Sun Mar  8 06:29:22 UTC 2026
Cache sync 43 at Sun Mar  8 06:29:22 UTC 2026
Cache sync 44 at Sun Mar  8 06:29:22 UTC 2026
Cache sync 45 at Sun Mar  8 06:29:22 UTC 2026
Cache sync 46 at Sun Mar  8 06:29:22 UTC 2026
Cache sync 47 at Sun Mar  8 06:29:22 UTC 2026
Cache sync 48 at Sun Mar  8 06:29:22 UTC 2026
Cache sync 49 at Sun Mar  8 06:29:22 UTC 2026
Cache sync 50 at Sun Mar  8 06:29:22 UTC 2026
Cache sync 51 at Sun Mar  8 06:29:22 UTC 2026
Cache sync 52 at Sun Mar  8 06:29:22 UTC 2026
Cache sync 53 at Sun Mar  8 06:29:22 UTC 2026
Cache sync 54 at Sun Mar  8 06:29:22 UTC 2026
Cache sync 55 at Sun Mar  8 06:29:22 UTC 2026
Cache sync 56 at Sun Mar  8 06:29:22 UTC 2026
Cache sync 57 at Sun Mar  8 06:29:22 UTC 2026
Cache sync 58 at Sun Mar  8 06:29:22 UTC 2026
Cache sync 59 at Sun Mar  8 06:29:22 UTC 2026
Cache sync 60 at Sun Mar  8 06:29:22 UTC 2026
Cache sync 61 at Sun Mar  8 06:29:22 UTC 2026
Cache sync 62 at Sun Mar  8 06:29:22 UTC 2026
Cache sync 63 at Sun Mar  8 06:29:22 UTC 2026
Cache sync 64 at Sun Mar  8 06:29:22 UTC 2026
Cache sync 65 at Sun Mar  8 06:29:22 UTC 2026
Cache sync 66 at Sun Mar  8 06:29:22 UTC 2026
Cache sync 67 at Sun Mar  8 06:29:23 UTC 2026
Cache sync 68 at Sun Mar  8 06:29:23 UTC 2026
Cache sync 69 at Sun Mar  8 06:29:23 UTC 2026
Cache sync 70 at Sun Mar  8 06:29:23 UTC 2026
Cache sync 71 at Sun Mar  8 06:29:23 UTC 2026
Cache sync 72 at Sun Mar  8 06:29:23 UTC 2026
Cache sync 73 at Sun Mar  8 06:29:23 UTC 2026
Cache sync 74 at Sun Mar  8 06:29:23 UTC 2026
Cache sync 75 at Sun Mar  8 06:29:23 UTC 2026
Cache sync 76 at Sun Mar  8 06:29:23 UTC 2026
Cache sync 77 at Sun Mar  8 06:29:23 UTC 2026
Cache sync 78 at Sun Mar  8 06:29:23 UTC 2026
Cache sync 79 at Sun Mar  8 06:29:23 UTC 2026
Cache sync 80 at Sun Mar  8 06:29:23 UTC 2026
Cache sync 81 at Sun Mar  8 06:29:23 UTC 2026
Cache sync 82 at Sun Mar  8 06:29:23 UTC 2026
Cache sync 83 at Sun Mar  8 06:29:23 UTC 2026
Cache sync 84 at Sun Mar  8 06:29:23 UTC 2026
Cache sync 1 at Sun Mar  8 12:24:04 UTC 2026
Cache sync 2 at Sun Mar  8 12:24:04 UTC 2026
Cache sync 3 at Sun Mar  8 12:24:04 UTC 2026
Cache sync 4 at Sun Mar  8 12:24:04 UTC 2026
Cache sync 5 at Sun Mar  8 12:24:04 UTC 2026
Cache sync 6 at Sun Mar  8 12:24:04 UTC 2026
Cache sync 7 at Sun Mar  8 12:24:04 UTC 2026
Cache sync 8 at Sun Mar  8 12:24:04 UTC 2026
Cache sync 9 at Sun Mar  8 12:24:04 UTC 2026
Cache sync 10 at Sun Mar  8 12:24:04 UTC 2026
Cache sync 11 at Sun Mar  8 12:24:04 UTC 2026
Cache sync 12 at Sun Mar  8 12:24:04 UTC 2026
Cache sync 13 at Sun Mar  8 12:24:04 UTC 2026
Cache sync 14 at Sun Mar  8 12:24:04 UTC 2026
Cache sync 15 at Sun Mar  8 12:24:04 UTC 2026
Cache sync 16 at Sun Mar  8 12:24:04 UTC 2026
Cache sync 17 at Sun Mar  8 12:24:04 UTC 2026
Cache sync 18 at Sun Mar  8 12:24:04 UTC 2026
Cache sync 19 at Sun Mar  8 12:24:04 UTC 2026
Cache sync 20 at Sun Mar  8 12:24:04 UTC 2026
Cache sync 21 at Sun Mar  8 12:24:04 UTC 2026
Cache sync 22 at Sun Mar  8 12:24:04 UTC 2026
Cache sync 23 at Sun Mar  8 12:24:04 UTC 2026
Cache sync 24 at Sun Mar  8 12:24:04 UTC 2026
Cache sync 25 at Sun Mar  8 12:24:04 UTC 2026
Cache sync 26 at Sun Mar  8 12:24:04 UTC 2026
Cache sync 27 at Sun Mar  8 12:24:04 UTC 2026
Cache sync 28 at Sun Mar  8 12:24:04 UTC 2026
Cache sync 29 at Sun Mar  8 12:24:05 UTC 2026
Cache sync 30 at Sun Mar  8 12:24:05 UTC 2026
Cache sync 31 at Sun Mar  8 12:24:05 UTC 2026
Cache sync 32 at Sun Mar  8 12:24:05 UTC 2026
Cache sync 33 at Sun Mar  8 12:24:05 UTC 2026
Cache sync 34 at Sun Mar  8 12:24:05 UTC 2026
Cache sync 35 at Sun Mar  8 12:24:05 UTC 2026
Cache sync 36 at Sun Mar  8 12:24:05 UTC 2026
Cache sync 37 at Sun Mar  8 12:24:05 UTC 2026
Cache sync 38 at Sun Mar  8 12:24:05 UTC 2026
Cache sync 39 at Sun Mar  8 12:24:05 UTC 2026
Cache sync 40 at Sun Mar  8 12:24:05 UTC 2026
Cache sync 41 at Sun Mar  8 12:24:05 UTC 2026
Cache sync 42 at Sun Mar  8 12:24:05 UTC 2026
Cache sync 43 at Sun Mar  8 12:24:05 UTC 2026
Cache sync 44 at Sun Mar  8 12:24:05 UTC 2026
Cache sync 45 at Sun Mar  8 12:24:05 UTC 2026
Cache sync 46 at Sun Mar  8 12:24:05 UTC 2026
Cache sync 47 at Sun Mar  8 12:24:05 UTC 2026
Cache sync 48 at Sun Mar  8 12:24:05 UTC 2026
Cache sync 49 at Sun Mar  8 12:24:05 UTC 2026
Cache sync 50 at Sun Mar  8 12:24:05 UTC 2026
Cache sync 51 at Sun Mar  8 12:24:05 UTC 2026
Cache sync 52 at Sun Mar  8 12:24:05 UTC 2026
Cache sync 53 at Sun Mar  8 12:24:05 UTC 2026
Cache sync 54 at Sun Mar  8 12:24:05 UTC 2026
Cache sync 55 at Sun Mar  8 12:24:05 UTC 2026
Cache sync 56 at Sun Mar  8 12:24:05 UTC 2026
Cache sync 57 at Sun Mar  8 12:24:05 UTC 2026
Cache sync 58 at Sun Mar  8 12:24:05 UTC 2026
Cache sync 59 at Sun Mar  8 12:24:05 UTC 2026
Cache sync 60 at Sun Mar  8 12:24:05 UTC 2026
Cache sync 61 at Sun Mar  8 12:24:05 UTC 2026
Cache sync 62 at Sun Mar  8 12:24:05 UTC 2026
Cache sync 63 at Sun Mar  8 12:24:05 UTC 2026
Cache sync 64 at Sun Mar  8 12:24:05 UTC 2026
Cache sync 65 at Sun Mar  8 12:24:05 UTC 2026
Cache sync 66 at Sun Mar  8 12:24:05 UTC 2026
Cache sync 67 at Sun Mar  8 12:24:05 UTC 2026
Cache sync 68 at Sun Mar  8 12:24:05 UTC 2026
Cache sync 69 at Sun Mar  8 12:24:05 UTC 2026
Cache sync 70 at Sun Mar  8 12:24:05 UTC 2026
Cache sync 71 at Sun Mar  8 12:24:05 UTC 2026
Cache sync 72 at Sun Mar  8 12:24:05 UTC 2026
Cache sync 73 at Sun Mar  8 12:24:05 UTC 2026
Cache sync 74 at Sun Mar  8 12:24:05 UTC 2026
Cache sync 75 at Sun Mar  8 12:24:05 UTC 2026
Cache sync 1 at Sun Mar  8 18:18:31 UTC 2026
Cache sync 2 at Sun Mar  8 18:18:32 UTC 2026
Cache sync 3 at Sun Mar  8 18:18:32 UTC 2026
Cache sync 4 at Sun Mar  8 18:18:32 UTC 2026
Cache sync 5 at Sun Mar  8 18:18:32 UTC 2026
Cache sync 6 at Sun Mar  8 18:18:32 UTC 2026
Cache sync 7 at Sun Mar  8 18:18:32 UTC 2026
Cache sync 8 at Sun Mar  8 18:18:32 UTC 2026
Cache sync 9 at Sun Mar  8 18:18:32 UTC 2026
Cache sync 10 at Sun Mar  8 18:18:32 UTC 2026
Cache sync 11 at Sun Mar  8 18:18:32 UTC 2026
Cache sync 12 at Sun Mar  8 18:18:32 UTC 2026
Cache sync 13 at Sun Mar  8 18:18:32 UTC 2026
Cache sync 14 at Sun Mar  8 18:18:32 UTC 2026
Cache sync 15 at Sun Mar  8 18:18:32 UTC 2026
Cache sync 16 at Sun Mar  8 18:18:32 UTC 2026
Cache sync 17 at Sun Mar  8 18:18:32 UTC 2026
Cache sync 18 at Sun Mar  8 18:18:32 UTC 2026
Cache sync 19 at Sun Mar  8 18:18:32 UTC 2026
Cache sync 20 at Sun Mar  8 18:18:32 UTC 2026
Cache sync 21 at Sun Mar  8 18:18:32 UTC 2026
Cache sync 22 at Sun Mar  8 18:18:32 UTC 2026
Cache sync 23 at Sun Mar  8 18:18:32 UTC 2026
Cache sync 24 at Sun Mar  8 18:18:32 UTC 2026
Cache sync 25 at Sun Mar  8 18:18:32 UTC 2026
Cache sync 26 at Sun Mar  8 18:18:32 UTC 2026
Cache sync 27 at Sun Mar  8 18:18:32 UTC 2026
Cache sync 28 at Sun Mar  8 18:18:32 UTC 2026
Cache sync 29 at Sun Mar  8 18:18:32 UTC 2026
Cache sync 30 at Sun Mar  8 18:18:32 UTC 2026
Cache sync 31 at Sun Mar  8 18:18:32 UTC 2026
Cache sync 32 at Sun Mar  8 18:18:32 UTC 2026
Cache sync 33 at Sun Mar  8 18:18:32 UTC 2026
Cache sync 34 at Sun Mar  8 18:18:32 UTC 2026
Cache sync 35 at Sun Mar  8 18:18:32 UTC 2026
Cache sync 36 at Sun Mar  8 18:18:32 UTC 2026
Cache sync 37 at Sun Mar  8 18:18:32 UTC 2026
Cache sync 38 at Sun Mar  8 18:18:32 UTC 2026
Cache sync 39 at Sun Mar  8 18:18:32 UTC 2026
Cache sync 40 at Sun Mar  8 18:18:32 UTC 2026
Cache sync 41 at Sun Mar  8 18:18:32 UTC 2026
Cache sync 42 at Sun Mar  8 18:18:32 UTC 2026
Cache sync 43 at Sun Mar  8 18:18:32 UTC 2026
Cache sync 44 at Sun Mar  8 18:18:32 UTC 2026
Cache sync 45 at Sun Mar  8 18:18:32 UTC 2026
Cache sync 46 at Sun Mar  8 18:18:32 UTC 2026
Cache sync 47 at Sun Mar  8 18:18:32 UTC 2026
Cache sync 48 at Sun Mar  8 18:18:32 UTC 2026
Cache sync 49 at Sun Mar  8 18:18:32 UTC 2026
Cache sync 50 at Sun Mar  8 18:18:32 UTC 2026
Cache sync 51 at Sun Mar  8 18:18:32 UTC 2026
Cache sync 52 at Sun Mar  8 18:18:32 UTC 2026
Cache sync 53 at Sun Mar  8 18:18:32 UTC 2026
Cache sync 54 at Sun Mar  8 18:18:32 UTC 2026
Cache sync 55 at Sun Mar  8 18:18:32 UTC 2026
Cache sync 56 at Sun Mar  8 18:18:32 UTC 2026
Cache sync 57 at Sun Mar  8 18:18:32 UTC 2026
Cache sync 58 at Sun Mar  8 18:18:32 UTC 2026
Cache sync 59 at Sun Mar  8 18:18:32 UTC 2026
Cache sync 60 at Sun Mar  8 18:18:32 UTC 2026
Cache sync 61 at Sun Mar  8 18:18:32 UTC 2026
Cache sync 62 at Sun Mar  8 18:18:32 UTC 2026
Cache sync 63 at Sun Mar  8 18:18:32 UTC 2026
Cache sync 64 at Sun Mar  8 18:18:32 UTC 2026
Cache sync 65 at Sun Mar  8 18:18:32 UTC 2026
Cache sync 66 at Sun Mar  8 18:18:32 UTC 2026
Cache sync 67 at Sun Mar  8 18:18:32 UTC 2026
Cache sync 68 at Sun Mar  8 18:18:32 UTC 2026
Cache sync 69 at Sun Mar  8 18:18:32 UTC 2026
Cache sync 70 at Sun Mar  8 18:18:32 UTC 2026
Cache sync 71 at Sun Mar  8 18:18:32 UTC 2026
Cache sync 72 at Sun Mar  8 18:18:32 UTC 2026
Cache sync 73 at Sun Mar  8 18:18:32 UTC 2026
Cache sync 74 at Sun Mar  8 18:18:32 UTC 2026
Cache sync 75 at Sun Mar  8 18:18:32 UTC 2026
Cache sync 76 at Sun Mar  8 18:18:32 UTC 2026
Cache sync 77 at Sun Mar  8 18:18:32 UTC 2026
Cache sync 78 at Sun Mar  8 18:18:32 UTC 2026
Cache sync 79 at Sun Mar  8 18:18:32 UTC 2026
Cache sync 80 at Sun Mar  8 18:18:32 UTC 2026
Cache sync 81 at Sun Mar  8 18:18:32 UTC 2026
Cache sync 1 at Mon Mar  9 01:06:41 UTC 2026
Cache sync 2 at Mon Mar  9 01:06:41 UTC 2026
Cache sync 3 at Mon Mar  9 01:06:41 UTC 2026
Cache sync 4 at Mon Mar  9 01:06:41 UTC 2026
Cache sync 5 at Mon Mar  9 01:06:41 UTC 2026
Cache sync 6 at Mon Mar  9 01:06:41 UTC 2026
Cache sync 7 at Mon Mar  9 01:06:41 UTC 2026
Cache sync 8 at Mon Mar  9 01:06:41 UTC 2026
Cache sync 9 at Mon Mar  9 01:06:41 UTC 2026
Cache sync 10 at Mon Mar  9 01:06:41 UTC 2026
Cache sync 11 at Mon Mar  9 01:06:41 UTC 2026
Cache sync 12 at Mon Mar  9 01:06:41 UTC 2026
Cache sync 13 at Mon Mar  9 01:06:41 UTC 2026
Cache sync 14 at Mon Mar  9 01:06:41 UTC 2026
Cache sync 15 at Mon Mar  9 01:06:41 UTC 2026
Cache sync 16 at Mon Mar  9 01:06:41 UTC 2026
Cache sync 17 at Mon Mar  9 01:06:41 UTC 2026
Cache sync 18 at Mon Mar  9 01:06:41 UTC 2026
Cache sync 19 at Mon Mar  9 01:06:41 UTC 2026
Cache sync 20 at Mon Mar  9 01:06:41 UTC 2026
Cache sync 21 at Mon Mar  9 01:06:41 UTC 2026
Cache sync 22 at Mon Mar  9 01:06:41 UTC 2026
Cache sync 23 at Mon Mar  9 01:06:41 UTC 2026
Cache sync 24 at Mon Mar  9 01:06:41 UTC 2026
Cache sync 25 at Mon Mar  9 01:06:41 UTC 2026
Cache sync 26 at Mon Mar  9 01:06:41 UTC 2026
Cache sync 27 at Mon Mar  9 01:06:41 UTC 2026
Cache sync 28 at Mon Mar  9 01:06:41 UTC 2026
Cache sync 29 at Mon Mar  9 01:06:41 UTC 2026
Cache sync 30 at Mon Mar  9 01:06:41 UTC 2026
Cache sync 31 at Mon Mar  9 01:06:41 UTC 2026
Cache sync 32 at Mon Mar  9 01:06:41 UTC 2026
Cache sync 33 at Mon Mar  9 01:06:41 UTC 2026
Cache sync 34 at Mon Mar  9 01:06:41 UTC 2026
Cache sync 35 at Mon Mar  9 01:06:41 UTC 2026
Cache sync 36 at Mon Mar  9 01:06:41 UTC 2026
Cache sync 37 at Mon Mar  9 01:06:41 UTC 2026
Cache sync 38 at Mon Mar  9 01:06:41 UTC 2026
Cache sync 39 at Mon Mar  9 01:06:41 UTC 2026
Cache sync 40 at Mon Mar  9 01:06:41 UTC 2026
Cache sync 41 at Mon Mar  9 01:06:41 UTC 2026
Cache sync 42 at Mon Mar  9 01:06:41 UTC 2026
Cache sync 43 at Mon Mar  9 01:06:41 UTC 2026
Cache sync 44 at Mon Mar  9 01:06:41 UTC 2026
Cache sync 45 at Mon Mar  9 01:06:41 UTC 2026
Cache sync 46 at Mon Mar  9 01:06:41 UTC 2026
Cache sync 47 at Mon Mar  9 01:06:41 UTC 2026
Cache sync 48 at Mon Mar  9 01:06:41 UTC 2026
Cache sync 49 at Mon Mar  9 01:06:41 UTC 2026
Cache sync 50 at Mon Mar  9 01:06:41 UTC 2026
Cache sync 51 at Mon Mar  9 01:06:41 UTC 2026
Cache sync 52 at Mon Mar  9 01:06:41 UTC 2026
Cache sync 53 at Mon Mar  9 01:06:41 UTC 2026
Cache sync 54 at Mon Mar  9 01:06:41 UTC 2026
Cache sync 55 at Mon Mar  9 01:06:41 UTC 2026
Cache sync 56 at Mon Mar  9 01:06:41 UTC 2026
Cache sync 57 at Mon Mar  9 01:06:41 UTC 2026
Cache sync 58 at Mon Mar  9 01:06:41 UTC 2026
Cache sync 59 at Mon Mar  9 01:06:41 UTC 2026
Cache sync 60 at Mon Mar  9 01:06:41 UTC 2026
Cache sync 61 at Mon Mar  9 01:06:41 UTC 2026
Cache sync 62 at Mon Mar  9 01:06:41 UTC 2026
Cache sync 63 at Mon Mar  9 01:06:41 UTC 2026
Cache sync 64 at Mon Mar  9 01:06:41 UTC 2026
Cache sync 65 at Mon Mar  9 01:06:41 UTC 2026
Cache sync 66 at Mon Mar  9 01:06:41 UTC 2026
Cache sync 67 at Mon Mar  9 01:06:41 UTC 2026
Cache sync 68 at Mon Mar  9 01:06:41 UTC 2026
Cache sync 69 at Mon Mar  9 01:06:41 UTC 2026
Cache sync 70 at Mon Mar  9 01:06:41 UTC 2026
Cache sync 71 at Mon Mar  9 01:06:41 UTC 2026
Cache sync 72 at Mon Mar  9 01:06:41 UTC 2026
Cache sync 73 at Mon Mar  9 01:06:41 UTC 2026
Cache sync 74 at Mon Mar  9 01:06:41 UTC 2026
Cache sync 75 at Mon Mar  9 01:06:42 UTC 2026
Cache sync 1 at Mon Mar  9 06:47:22 UTC 2026
Cache sync 2 at Mon Mar  9 06:47:22 UTC 2026
Cache sync 3 at Mon Mar  9 06:47:22 UTC 2026
Cache sync 4 at Mon Mar  9 06:47:22 UTC 2026
Cache sync 5 at Mon Mar  9 06:47:22 UTC 2026
Cache sync 6 at Mon Mar  9 06:47:22 UTC 2026
Cache sync 7 at Mon Mar  9 06:47:22 UTC 2026
Cache sync 8 at Mon Mar  9 06:47:22 UTC 2026
Cache sync 9 at Mon Mar  9 06:47:22 UTC 2026
Cache sync 10 at Mon Mar  9 06:47:22 UTC 2026
Cache sync 11 at Mon Mar  9 06:47:22 UTC 2026
Cache sync 12 at Mon Mar  9 06:47:22 UTC 2026
Cache sync 13 at Mon Mar  9 06:47:22 UTC 2026
Cache sync 14 at Mon Mar  9 06:47:22 UTC 2026
Cache sync 15 at Mon Mar  9 06:47:22 UTC 2026
Cache sync 16 at Mon Mar  9 06:47:22 UTC 2026
Cache sync 17 at Mon Mar  9 06:47:22 UTC 2026
Cache sync 18 at Mon Mar  9 06:47:22 UTC 2026
Cache sync 19 at Mon Mar  9 06:47:22 UTC 2026
Cache sync 20 at Mon Mar  9 06:47:22 UTC 2026
Cache sync 21 at Mon Mar  9 06:47:22 UTC 2026
Cache sync 22 at Mon Mar  9 06:47:22 UTC 2026
Cache sync 23 at Mon Mar  9 06:47:22 UTC 2026
Cache sync 24 at Mon Mar  9 06:47:22 UTC 2026
Cache sync 25 at Mon Mar  9 06:47:22 UTC 2026
Cache sync 26 at Mon Mar  9 06:47:22 UTC 2026
Cache sync 27 at Mon Mar  9 06:47:22 UTC 2026
Cache sync 28 at Mon Mar  9 06:47:22 UTC 2026
Cache sync 29 at Mon Mar  9 06:47:22 UTC 2026
Cache sync 30 at Mon Mar  9 06:47:22 UTC 2026
Cache sync 31 at Mon Mar  9 06:47:22 UTC 2026
Cache sync 32 at Mon Mar  9 06:47:22 UTC 2026
Cache sync 33 at Mon Mar  9 06:47:22 UTC 2026
Cache sync 34 at Mon Mar  9 06:47:22 UTC 2026
Cache sync 35 at Mon Mar  9 06:47:22 UTC 2026
Cache sync 36 at Mon Mar  9 06:47:22 UTC 2026
Cache sync 37 at Mon Mar  9 06:47:22 UTC 2026
Cache sync 38 at Mon Mar  9 06:47:22 UTC 2026
Cache sync 39 at Mon Mar  9 06:47:22 UTC 2026
Cache sync 40 at Mon Mar  9 06:47:22 UTC 2026
Cache sync 41 at Mon Mar  9 06:47:23 UTC 2026
Cache sync 42 at Mon Mar  9 06:47:23 UTC 2026
Cache sync 43 at Mon Mar  9 06:47:23 UTC 2026
Cache sync 44 at Mon Mar  9 06:47:23 UTC 2026
Cache sync 45 at Mon Mar  9 06:47:23 UTC 2026
Cache sync 46 at Mon Mar  9 06:47:23 UTC 2026
Cache sync 47 at Mon Mar  9 06:47:23 UTC 2026
Cache sync 48 at Mon Mar  9 06:47:23 UTC 2026
Cache sync 49 at Mon Mar  9 06:47:23 UTC 2026
Cache sync 50 at Mon Mar  9 06:47:23 UTC 2026
Cache sync 51 at Mon Mar  9 06:47:23 UTC 2026
Cache sync 52 at Mon Mar  9 06:47:23 UTC 2026
Cache sync 53 at Mon Mar  9 06:47:23 UTC 2026
Cache sync 54 at Mon Mar  9 06:47:23 UTC 2026
Cache sync 55 at Mon Mar  9 06:47:23 UTC 2026
Cache sync 56 at Mon Mar  9 06:47:23 UTC 2026
Cache sync 57 at Mon Mar  9 06:47:23 UTC 2026
Cache sync 58 at Mon Mar  9 06:47:23 UTC 2026
Cache sync 59 at Mon Mar  9 06:47:23 UTC 2026
Cache sync 60 at Mon Mar  9 06:47:23 UTC 2026
Cache sync 61 at Mon Mar  9 06:47:23 UTC 2026
Cache sync 62 at Mon Mar  9 06:47:23 UTC 2026
Cache sync 63 at Mon Mar  9 06:47:23 UTC 2026
Cache sync 64 at Mon Mar  9 06:47:23 UTC 2026
Cache sync 65 at Mon Mar  9 06:47:23 UTC 2026
Cache sync 66 at Mon Mar  9 06:47:23 UTC 2026
Cache sync 1 at Mon Mar  9 12:34:19 UTC 2026
Cache sync 2 at Mon Mar  9 12:34:19 UTC 2026
Cache sync 3 at Mon Mar  9 12:34:19 UTC 2026
Cache sync 4 at Mon Mar  9 12:34:19 UTC 2026
Cache sync 5 at Mon Mar  9 12:34:19 UTC 2026
Cache sync 6 at Mon Mar  9 12:34:19 UTC 2026
Cache sync 7 at Mon Mar  9 12:34:19 UTC 2026
Cache sync 8 at Mon Mar  9 12:34:19 UTC 2026
Cache sync 9 at Mon Mar  9 12:34:19 UTC 2026
Cache sync 10 at Mon Mar  9 12:34:19 UTC 2026
Cache sync 11 at Mon Mar  9 12:34:19 UTC 2026
Cache sync 12 at Mon Mar  9 12:34:19 UTC 2026
Cache sync 13 at Mon Mar  9 12:34:19 UTC 2026
Cache sync 14 at Mon Mar  9 12:34:19 UTC 2026
Cache sync 15 at Mon Mar  9 12:34:19 UTC 2026
Cache sync 16 at Mon Mar  9 12:34:19 UTC 2026
Cache sync 17 at Mon Mar  9 12:34:19 UTC 2026
Cache sync 18 at Mon Mar  9 12:34:19 UTC 2026
Cache sync 19 at Mon Mar  9 12:34:19 UTC 2026
Cache sync 20 at Mon Mar  9 12:34:19 UTC 2026
Cache sync 21 at Mon Mar  9 12:34:19 UTC 2026
Cache sync 22 at Mon Mar  9 12:34:19 UTC 2026
Cache sync 23 at Mon Mar  9 12:34:19 UTC 2026
Cache sync 24 at Mon Mar  9 12:34:19 UTC 2026
Cache sync 25 at Mon Mar  9 12:34:19 UTC 2026
Cache sync 26 at Mon Mar  9 12:34:19 UTC 2026
Cache sync 27 at Mon Mar  9 12:34:19 UTC 2026
Cache sync 28 at Mon Mar  9 12:34:19 UTC 2026
Cache sync 29 at Mon Mar  9 12:34:19 UTC 2026
Cache sync 30 at Mon Mar  9 12:34:19 UTC 2026
Cache sync 1 at Mon Mar  9 18:36:52 UTC 2026
Cache sync 2 at Mon Mar  9 18:36:52 UTC 2026
Cache sync 3 at Mon Mar  9 18:36:52 UTC 2026
Cache sync 4 at Mon Mar  9 18:36:52 UTC 2026
Cache sync 5 at Mon Mar  9 18:36:52 UTC 2026
Cache sync 6 at Mon Mar  9 18:36:52 UTC 2026
Cache sync 7 at Mon Mar  9 18:36:52 UTC 2026
Cache sync 8 at Mon Mar  9 18:36:52 UTC 2026
Cache sync 9 at Mon Mar  9 18:36:52 UTC 2026
Cache sync 10 at Mon Mar  9 18:36:52 UTC 2026
Cache sync 11 at Mon Mar  9 18:36:52 UTC 2026
Cache sync 12 at Mon Mar  9 18:36:52 UTC 2026
Cache sync 13 at Mon Mar  9 18:36:52 UTC 2026
Cache sync 14 at Mon Mar  9 18:36:52 UTC 2026
Cache sync 15 at Mon Mar  9 18:36:52 UTC 2026
Cache sync 16 at Mon Mar  9 18:36:52 UTC 2026
Cache sync 17 at Mon Mar  9 18:36:52 UTC 2026
Cache sync 18 at Mon Mar  9 18:36:52 UTC 2026
Cache sync 19 at Mon Mar  9 18:36:52 UTC 2026
Cache sync 20 at Mon Mar  9 18:36:52 UTC 2026
Cache sync 21 at Mon Mar  9 18:36:52 UTC 2026
Cache sync 22 at Mon Mar  9 18:36:52 UTC 2026
Cache sync 23 at Mon Mar  9 18:36:52 UTC 2026
Cache sync 24 at Mon Mar  9 18:36:52 UTC 2026
Cache sync 25 at Mon Mar  9 18:36:52 UTC 2026
Cache sync 26 at Mon Mar  9 18:36:52 UTC 2026
Cache sync 27 at Mon Mar  9 18:36:52 UTC 2026
Cache sync 28 at Mon Mar  9 18:36:52 UTC 2026
Cache sync 1 at Tue Mar 10 01:01:16 UTC 2026
Cache sync 2 at Tue Mar 10 01:01:16 UTC 2026
Cache sync 3 at Tue Mar 10 01:01:16 UTC 2026
Cache sync 4 at Tue Mar 10 01:01:16 UTC 2026
Cache sync 5 at Tue Mar 10 01:01:16 UTC 2026
Cache sync 6 at Tue Mar 10 01:01:16 UTC 2026
Cache sync 7 at Tue Mar 10 01:01:16 UTC 2026
Cache sync 8 at Tue Mar 10 01:01:16 UTC 2026
Cache sync 9 at Tue Mar 10 01:01:16 UTC 2026
Cache sync 10 at Tue Mar 10 01:01:16 UTC 2026
Cache sync 11 at Tue Mar 10 01:01:16 UTC 2026
Cache sync 12 at Tue Mar 10 01:01:16 UTC 2026
Cache sync 13 at Tue Mar 10 01:01:16 UTC 2026
Cache sync 14 at Tue Mar 10 01:01:16 UTC 2026
Cache sync 15 at Tue Mar 10 01:01:16 UTC 2026
Cache sync 16 at Tue Mar 10 01:01:16 UTC 2026
Cache sync 17 at Tue Mar 10 01:01:16 UTC 2026
Cache sync 18 at Tue Mar 10 01:01:16 UTC 2026
Cache sync 19 at Tue Mar 10 01:01:16 UTC 2026
Cache sync 20 at Tue Mar 10 01:01:16 UTC 2026
Cache sync 21 at Tue Mar 10 01:01:16 UTC 2026
Cache sync 22 at Tue Mar 10 01:01:16 UTC 2026
Cache sync 23 at Tue Mar 10 01:01:16 UTC 2026
Cache sync 24 at Tue Mar 10 01:01:16 UTC 2026
Cache sync 25 at Tue Mar 10 01:01:16 UTC 2026
Cache sync 26 at Tue Mar 10 01:01:17 UTC 2026
Cache sync 27 at Tue Mar 10 01:01:17 UTC 2026
Cache sync 28 at Tue Mar 10 01:01:17 UTC 2026
Cache sync 29 at Tue Mar 10 01:01:17 UTC 2026
Cache sync 30 at Tue Mar 10 01:01:17 UTC 2026
Cache sync 31 at Tue Mar 10 01:01:17 UTC 2026
Cache sync 32 at Tue Mar 10 01:01:17 UTC 2026
Cache sync 33 at Tue Mar 10 01:01:17 UTC 2026
Cache sync 34 at Tue Mar 10 01:01:17 UTC 2026
Cache sync 35 at Tue Mar 10 01:01:17 UTC 2026
Cache sync 36 at Tue Mar 10 01:01:17 UTC 2026
Cache sync 1 at Tue Mar 10 12:34:13 UTC 2026
Cache sync 2 at Tue Mar 10 12:34:13 UTC 2026
Cache sync 3 at Tue Mar 10 12:34:13 UTC 2026
Cache sync 4 at Tue Mar 10 12:34:13 UTC 2026
Cache sync 5 at Tue Mar 10 12:34:13 UTC 2026
Cache sync 6 at Tue Mar 10 12:34:13 UTC 2026
Cache sync 7 at Tue Mar 10 12:34:13 UTC 2026
Cache sync 8 at Tue Mar 10 12:34:13 UTC 2026
Cache sync 9 at Tue Mar 10 12:34:13 UTC 2026
Cache sync 10 at Tue Mar 10 12:34:13 UTC 2026
Cache sync 11 at Tue Mar 10 12:34:13 UTC 2026
Cache sync 12 at Tue Mar 10 12:34:13 UTC 2026
Cache sync 13 at Tue Mar 10 12:34:13 UTC 2026
Cache sync 14 at Tue Mar 10 12:34:13 UTC 2026
Cache sync 15 at Tue Mar 10 12:34:13 UTC 2026
Cache sync 16 at Tue Mar 10 12:34:13 UTC 2026
Cache sync 17 at Tue Mar 10 12:34:13 UTC 2026
Cache sync 18 at Tue Mar 10 12:34:13 UTC 2026
Cache sync 19 at Tue Mar 10 12:34:13 UTC 2026
Cache sync 20 at Tue Mar 10 12:34:13 UTC 2026
Cache sync 21 at Tue Mar 10 12:34:13 UTC 2026
Cache sync 1 at Wed Mar 11 01:02:21 UTC 2026
Cache sync 2 at Wed Mar 11 01:02:21 UTC 2026
Cache sync 3 at Wed Mar 11 01:02:21 UTC 2026
Cache sync 4 at Wed Mar 11 01:02:21 UTC 2026
Cache sync 5 at Wed Mar 11 01:02:21 UTC 2026
Cache sync 6 at Wed Mar 11 01:02:21 UTC 2026
Cache sync 7 at Wed Mar 11 01:02:21 UTC 2026
Cache sync 8 at Wed Mar 11 01:02:21 UTC 2026
Cache sync 9 at Wed Mar 11 01:02:21 UTC 2026
Cache sync 10 at Wed Mar 11 01:02:21 UTC 2026
Cache sync 11 at Wed Mar 11 01:02:21 UTC 2026
Cache sync 12 at Wed Mar 11 01:02:21 UTC 2026
Cache sync 13 at Wed Mar 11 01:02:21 UTC 2026
Cache sync 14 at Wed Mar 11 01:02:21 UTC 2026
Cache sync 15 at Wed Mar 11 01:02:21 UTC 2026
Cache sync 16 at Wed Mar 11 01:02:21 UTC 2026
Cache sync 17 at Wed Mar 11 01:02:21 UTC 2026
Cache sync 18 at Wed Mar 11 01:02:21 UTC 2026
Cache sync 19 at Wed Mar 11 01:02:21 UTC 2026
Cache sync 20 at Wed Mar 11 01:02:21 UTC 2026
Cache sync 21 at Wed Mar 11 01:02:21 UTC 2026
Cache sync 22 at Wed Mar 11 01:02:21 UTC 2026
Cache sync 23 at Wed Mar 11 01:02:21 UTC 2026
Cache sync 24 at Wed Mar 11 01:02:21 UTC 2026
Cache sync 25 at Wed Mar 11 01:02:21 UTC 2026
Cache sync 26 at Wed Mar 11 01:02:21 UTC 2026
Cache sync 27 at Wed Mar 11 01:02:21 UTC 2026
Cache sync 28 at Wed Mar 11 01:02:21 UTC 2026
Cache sync 29 at Wed Mar 11 01:02:21 UTC 2026
Cache sync 30 at Wed Mar 11 01:02:21 UTC 2026
Cache sync 1 at Wed Mar 11 12:33:52 UTC 2026
Cache sync 2 at Wed Mar 11 12:33:52 UTC 2026
Cache sync 3 at Wed Mar 11 12:33:52 UTC 2026
Cache sync 4 at Wed Mar 11 12:33:52 UTC 2026
Cache sync 5 at Wed Mar 11 12:33:52 UTC 2026
Cache sync 6 at Wed Mar 11 12:33:52 UTC 2026
Cache sync 7 at Wed Mar 11 12:33:52 UTC 2026
Cache sync 8 at Wed Mar 11 12:33:52 UTC 2026
Cache sync 9 at Wed Mar 11 12:33:52 UTC 2026
Cache sync 10 at Wed Mar 11 12:33:52 UTC 2026
Cache sync 11 at Wed Mar 11 12:33:52 UTC 2026
Cache sync 12 at Wed Mar 11 12:33:52 UTC 2026
Cache sync 13 at Wed Mar 11 12:33:52 UTC 2026
Cache sync 14 at Wed Mar 11 12:33:52 UTC 2026
Cache sync 15 at Wed Mar 11 12:33:52 UTC 2026
Cache sync 16 at Wed Mar 11 12:33:52 UTC 2026
Cache sync 17 at Wed Mar 11 12:33:52 UTC 2026
Cache sync 18 at Wed Mar 11 12:33:52 UTC 2026
Cache sync 19 at Wed Mar 11 12:33:52 UTC 2026
Cache sync 20 at Wed Mar 11 12:33:52 UTC 2026
Cache sync 21 at Wed Mar 11 12:33:52 UTC 2026
Cache sync 22 at Wed Mar 11 12:33:52 UTC 2026
Cache sync 23 at Wed Mar 11 12:33:52 UTC 2026
Cache sync 24 at Wed Mar 11 12:33:52 UTC 2026
Cache sync 25 at Wed Mar 11 12:33:52 UTC 2026
Cache sync 26 at Wed Mar 11 12:33:52 UTC 2026
Cache sync 27 at Wed Mar 11 12:33:52 UTC 2026
Cache sync 28 at Wed Mar 11 12:33:52 UTC 2026
Cache sync 29 at Wed Mar 11 12:33:52 UTC 2026
Cache sync 30 at Wed Mar 11 12:33:52 UTC 2026
Cache sync 31 at Wed Mar 11 12:33:52 UTC 2026
Cache sync 32 at Wed Mar 11 12:33:52 UTC 2026
Cache sync 33 at Wed Mar 11 12:33:52 UTC 2026
Cache sync 34 at Wed Mar 11 12:33:52 UTC 2026
Cache sync 35 at Wed Mar 11 12:33:52 UTC 2026
Cache sync 36 at Wed Mar 11 12:33:52 UTC 2026
Cache sync 37 at Wed Mar 11 12:33:52 UTC 2026
Cache sync 38 at Wed Mar 11 12:33:52 UTC 2026
Cache sync 39 at Wed Mar 11 12:33:52 UTC 2026
Cache sync 40 at Wed Mar 11 12:33:52 UTC 2026
Cache sync 41 at Wed Mar 11 12:33:52 UTC 2026
Cache sync 42 at Wed Mar 11 12:33:52 UTC 2026
Cache sync 43 at Wed Mar 11 12:33:52 UTC 2026
Cache sync 44 at Wed Mar 11 12:33:52 UTC 2026
Cache sync 45 at Wed Mar 11 12:33:52 UTC 2026
Cache sync 46 at Wed Mar 11 12:33:52 UTC 2026
Cache sync 47 at Wed Mar 11 12:33:52 UTC 2026
Cache sync 48 at Wed Mar 11 12:33:52 UTC 2026
Cache sync 49 at Wed Mar 11 12:33:52 UTC 2026
Cache sync 50 at Wed Mar 11 12:33:52 UTC 2026
Cache sync 51 at Wed Mar 11 12:33:52 UTC 2026
Cache sync 52 at Wed Mar 11 12:33:52 UTC 2026
Cache sync 53 at Wed Mar 11 12:33:52 UTC 2026
Cache sync 54 at Wed Mar 11 12:33:52 UTC 2026
Cache sync 55 at Wed Mar 11 12:33:52 UTC 2026
Cache sync 56 at Wed Mar 11 12:33:53 UTC 2026
Cache sync 57 at Wed Mar 11 12:33:53 UTC 2026
Cache sync 58 at Wed Mar 11 12:33:53 UTC 2026
Cache sync 1 at Wed Mar 11 18:39:15 UTC 2026
Cache sync 2 at Wed Mar 11 18:39:15 UTC 2026
Cache sync 3 at Wed Mar 11 18:39:15 UTC 2026
Cache sync 4 at Wed Mar 11 18:39:15 UTC 2026
Cache sync 1 at Thu Mar 12 00:59:09 UTC 2026
Cache sync 2 at Thu Mar 12 00:59:09 UTC 2026
Cache sync 3 at Thu Mar 12 00:59:09 UTC 2026
Cache sync 4 at Thu Mar 12 00:59:09 UTC 2026
Cache sync 5 at Thu Mar 12 00:59:09 UTC 2026
Cache sync 6 at Thu Mar 12 00:59:09 UTC 2026
Cache sync 7 at Thu Mar 12 00:59:09 UTC 2026
Cache sync 8 at Thu Mar 12 00:59:09 UTC 2026
Cache sync 9 at Thu Mar 12 00:59:09 UTC 2026
Cache sync 10 at Thu Mar 12 00:59:09 UTC 2026
Cache sync 11 at Thu Mar 12 00:59:09 UTC 2026
Cache sync 12 at Thu Mar 12 00:59:09 UTC 2026
Cache sync 13 at Thu Mar 12 00:59:09 UTC 2026
Cache sync 14 at Thu Mar 12 00:59:09 UTC 2026
Cache sync 15 at Thu Mar 12 00:59:09 UTC 2026
Cache sync 16 at Thu Mar 12 00:59:09 UTC 2026
Cache sync 17 at Thu Mar 12 00:59:09 UTC 2026
Cache sync 18 at Thu Mar 12 00:59:09 UTC 2026
Cache sync 19 at Thu Mar 12 00:59:09 UTC 2026
Cache sync 20 at Thu Mar 12 00:59:09 UTC 2026
Cache sync 21 at Thu Mar 12 00:59:09 UTC 2026
Cache sync 22 at Thu Mar 12 00:59:09 UTC 2026
Cache sync 23 at Thu Mar 12 00:59:09 UTC 2026
Cache sync 24 at Thu Mar 12 00:59:09 UTC 2026
Cache sync 25 at Thu Mar 12 00:59:09 UTC 2026
Cache sync 26 at Thu Mar 12 00:59:09 UTC 2026
Cache sync 27 at Thu Mar 12 00:59:09 UTC 2026
Cache sync 28 at Thu Mar 12 00:59:09 UTC 2026
Cache sync 29 at Thu Mar 12 00:59:09 UTC 2026
Cache sync 30 at Thu Mar 12 00:59:09 UTC 2026
Cache sync 31 at Thu Mar 12 00:59:09 UTC 2026
Cache sync 1 at Thu Mar 12 06:39:36 UTC 2026
Cache sync 2 at Thu Mar 12 06:39:36 UTC 2026
Cache sync 3 at Thu Mar 12 06:39:36 UTC 2026
Cache sync 4 at Thu Mar 12 06:39:36 UTC 2026
Cache sync 5 at Thu Mar 12 06:39:36 UTC 2026
Cache sync 6 at Thu Mar 12 06:39:36 UTC 2026
Cache sync 7 at Thu Mar 12 06:39:36 UTC 2026
Cache sync 8 at Thu Mar 12 06:39:36 UTC 2026
Cache sync 9 at Thu Mar 12 06:39:36 UTC 2026
Cache sync 10 at Thu Mar 12 06:39:36 UTC 2026
Cache sync 11 at Thu Mar 12 06:39:36 UTC 2026
Cache sync 12 at Thu Mar 12 06:39:36 UTC 2026
Cache sync 13 at Thu Mar 12 06:39:36 UTC 2026
Cache sync 14 at Thu Mar 12 06:39:36 UTC 2026
Cache sync 15 at Thu Mar 12 06:39:36 UTC 2026
Cache sync 16 at Thu Mar 12 06:39:36 UTC 2026
Cache sync 17 at Thu Mar 12 06:39:36 UTC 2026
Cache sync 18 at Thu Mar 12 06:39:36 UTC 2026
Cache sync 19 at Thu Mar 12 06:39:36 UTC 2026
Cache sync 1 at Thu Mar 12 12:32:50 UTC 2026
Cache sync 2 at Thu Mar 12 12:32:50 UTC 2026
Cache sync 3 at Thu Mar 12 12:32:50 UTC 2026
Cache sync 4 at Thu Mar 12 12:32:50 UTC 2026
Cache sync 5 at Thu Mar 12 12:32:50 UTC 2026
Cache sync 6 at Thu Mar 12 12:32:50 UTC 2026
Cache sync 7 at Thu Mar 12 12:32:50 UTC 2026
Cache sync 8 at Thu Mar 12 12:32:50 UTC 2026
Cache sync 9 at Thu Mar 12 12:32:50 UTC 2026
Cache sync 10 at Thu Mar 12 12:32:50 UTC 2026
Cache sync 11 at Thu Mar 12 12:32:50 UTC 2026
Cache sync 12 at Thu Mar 12 12:32:50 UTC 2026
Cache sync 13 at Thu Mar 12 12:32:50 UTC 2026
Cache sync 14 at Thu Mar 12 12:32:50 UTC 2026
Cache sync 15 at Thu Mar 12 12:32:50 UTC 2026
Cache sync 16 at Thu Mar 12 12:32:50 UTC 2026
Cache sync 17 at Thu Mar 12 12:32:50 UTC 2026
Cache sync 18 at Thu Mar 12 12:32:50 UTC 2026
Cache sync 19 at Thu Mar 12 12:32:50 UTC 2026
Cache sync 20 at Thu Mar 12 12:32:50 UTC 2026
Cache sync 21 at Thu Mar 12 12:32:50 UTC 2026
Cache sync 22 at Thu Mar 12 12:32:50 UTC 2026
Cache sync 23 at Thu Mar 12 12:32:50 UTC 2026
Cache sync 24 at Thu Mar 12 12:32:50 UTC 2026
Cache sync 25 at Thu Mar 12 12:32:50 UTC 2026
Cache sync 26 at Thu Mar 12 12:32:50 UTC 2026
Cache sync 27 at Thu Mar 12 12:32:50 UTC 2026
Cache sync 28 at Thu Mar 12 12:32:50 UTC 2026
Cache sync 29 at Thu Mar 12 12:32:50 UTC 2026
Cache sync 30 at Thu Mar 12 12:32:50 UTC 2026
Cache sync 31 at Thu Mar 12 12:32:50 UTC 2026
Cache sync 32 at Thu Mar 12 12:32:50 UTC 2026
Cache sync 33 at Thu Mar 12 12:32:50 UTC 2026
Cache sync 34 at Thu Mar 12 12:32:50 UTC 2026
Cache sync 35 at Thu Mar 12 12:32:50 UTC 2026
Cache sync 36 at Thu Mar 12 12:32:50 UTC 2026
Cache sync 37 at Thu Mar 12 12:32:50 UTC 2026
Cache sync 38 at Thu Mar 12 12:32:50 UTC 2026
Cache sync 39 at Thu Mar 12 12:32:50 UTC 2026
Cache sync 40 at Thu Mar 12 12:32:50 UTC 2026
Cache sync 41 at Thu Mar 12 12:32:50 UTC 2026
Cache sync 42 at Thu Mar 12 12:32:50 UTC 2026
Cache sync 43 at Thu Mar 12 12:32:50 UTC 2026
Cache sync 44 at Thu Mar 12 12:32:50 UTC 2026
Cache sync 45 at Thu Mar 12 12:32:50 UTC 2026
Cache sync 46 at Thu Mar 12 12:32:50 UTC 2026
Cache sync 47 at Thu Mar 12 12:32:50 UTC 2026
Cache sync 48 at Thu Mar 12 12:32:50 UTC 2026
Cache sync 49 at Thu Mar 12 12:32:50 UTC 2026
Cache sync 50 at Thu Mar 12 12:32:50 UTC 2026
Cache sync 51 at Thu Mar 12 12:32:50 UTC 2026
Cache sync 52 at Thu Mar 12 12:32:50 UTC 2026
Cache sync 53 at Thu Mar 12 12:32:50 UTC 2026
Cache sync 54 at Thu Mar 12 12:32:50 UTC 2026
Cache sync 55 at Thu Mar 12 12:32:50 UTC 2026
Cache sync 56 at Thu Mar 12 12:32:50 UTC 2026
Cache sync 57 at Thu Mar 12 12:32:51 UTC 2026
Cache sync 58 at Thu Mar 12 12:32:51 UTC 2026
Cache sync 59 at Thu Mar 12 12:32:51 UTC 2026
Cache sync 60 at Thu Mar 12 12:32:51 UTC 2026
Cache sync 61 at Thu Mar 12 12:32:51 UTC 2026
Cache sync 62 at Thu Mar 12 12:32:51 UTC 2026
Cache sync 63 at Thu Mar 12 12:32:51 UTC 2026
Cache sync 64 at Thu Mar 12 12:32:51 UTC 2026
Cache sync 65 at Thu Mar 12 12:32:51 UTC 2026
Cache sync 66 at Thu Mar 12 12:32:51 UTC 2026
Cache sync 1 at Thu Mar 12 18:37:39 UTC 2026
Cache sync 2 at Thu Mar 12 18:37:39 UTC 2026
Cache sync 3 at Thu Mar 12 18:37:39 UTC 2026
Cache sync 4 at Thu Mar 12 18:37:39 UTC 2026
Cache sync 5 at Thu Mar 12 18:37:39 UTC 2026
Cache sync 6 at Thu Mar 12 18:37:39 UTC 2026
Cache sync 7 at Thu Mar 12 18:37:39 UTC 2026
Cache sync 8 at Thu Mar 12 18:37:39 UTC 2026
Cache sync 9 at Thu Mar 12 18:37:39 UTC 2026
Cache sync 10 at Thu Mar 12 18:37:39 UTC 2026
Cache sync 11 at Thu Mar 12 18:37:39 UTC 2026
Cache sync 12 at Thu Mar 12 18:37:39 UTC 2026
Cache sync 13 at Thu Mar 12 18:37:39 UTC 2026
Cache sync 14 at Thu Mar 12 18:37:39 UTC 2026
Cache sync 15 at Thu Mar 12 18:37:39 UTC 2026
Cache sync 16 at Thu Mar 12 18:37:39 UTC 2026
Cache sync 17 at Thu Mar 12 18:37:39 UTC 2026
Cache sync 18 at Thu Mar 12 18:37:39 UTC 2026
Cache sync 19 at Thu Mar 12 18:37:39 UTC 2026
Cache sync 20 at Thu Mar 12 18:37:39 UTC 2026
Cache sync 21 at Thu Mar 12 18:37:39 UTC 2026
Cache sync 22 at Thu Mar 12 18:37:39 UTC 2026
Cache sync 1 at Fri Mar 13 12:32:22 UTC 2026
Cache sync 2 at Fri Mar 13 12:32:22 UTC 2026
Cache sync 3 at Fri Mar 13 12:32:22 UTC 2026
Cache sync 4 at Fri Mar 13 12:32:22 UTC 2026
Cache sync 5 at Fri Mar 13 12:32:22 UTC 2026
Cache sync 6 at Fri Mar 13 12:32:22 UTC 2026
Cache sync 7 at Fri Mar 13 12:32:22 UTC 2026
Cache sync 8 at Fri Mar 13 12:32:22 UTC 2026
Cache sync 9 at Fri Mar 13 12:32:22 UTC 2026
Cache sync 10 at Fri Mar 13 12:32:22 UTC 2026
Cache sync 11 at Fri Mar 13 12:32:22 UTC 2026
Cache sync 12 at Fri Mar 13 12:32:22 UTC 2026
Cache sync 13 at Fri Mar 13 12:32:22 UTC 2026
Cache sync 14 at Fri Mar 13 12:32:22 UTC 2026
Cache sync 15 at Fri Mar 13 12:32:22 UTC 2026
Cache sync 16 at Fri Mar 13 12:32:22 UTC 2026
Cache sync 17 at Fri Mar 13 12:32:22 UTC 2026
Cache sync 18 at Fri Mar 13 12:32:22 UTC 2026
Cache sync 19 at Fri Mar 13 12:32:22 UTC 2026
Cache sync 20 at Fri Mar 13 12:32:22 UTC 2026
Cache sync 21 at Fri Mar 13 12:32:22 UTC 2026
Cache sync 22 at Fri Mar 13 12:32:22 UTC 2026
Cache sync 1 at Fri Mar 13 18:26:41 UTC 2026
Cache sync 2 at Fri Mar 13 18:26:41 UTC 2026
Cache sync 3 at Fri Mar 13 18:26:41 UTC 2026
Cache sync 4 at Fri Mar 13 18:26:41 UTC 2026
Cache sync 5 at Fri Mar 13 18:26:41 UTC 2026
Cache sync 6 at Fri Mar 13 18:26:41 UTC 2026
Cache sync 7 at Fri Mar 13 18:26:41 UTC 2026
Cache sync 8 at Fri Mar 13 18:26:41 UTC 2026
Cache sync 9 at Fri Mar 13 18:26:41 UTC 2026
Cache sync 10 at Fri Mar 13 18:26:41 UTC 2026
Cache sync 11 at Fri Mar 13 18:26:41 UTC 2026
Cache sync 12 at Fri Mar 13 18:26:41 UTC 2026
Cache sync 13 at Fri Mar 13 18:26:41 UTC 2026
Cache sync 14 at Fri Mar 13 18:26:41 UTC 2026
Cache sync 15 at Fri Mar 13 18:26:41 UTC 2026
Cache sync 1 at Sat Mar 14 01:04:21 UTC 2026
Cache sync 2 at Sat Mar 14 01:04:21 UTC 2026
Cache sync 3 at Sat Mar 14 01:04:21 UTC 2026
Cache sync 4 at Sat Mar 14 01:04:21 UTC 2026
Cache sync 5 at Sat Mar 14 01:04:21 UTC 2026
Cache sync 6 at Sat Mar 14 01:04:21 UTC 2026
Cache sync 7 at Sat Mar 14 01:04:21 UTC 2026
Cache sync 8 at Sat Mar 14 01:04:21 UTC 2026
Cache sync 9 at Sat Mar 14 01:04:21 UTC 2026
Cache sync 10 at Sat Mar 14 01:04:21 UTC 2026
Cache sync 11 at Sat Mar 14 01:04:21 UTC 2026
Cache sync 12 at Sat Mar 14 01:04:21 UTC 2026
Cache sync 13 at Sat Mar 14 01:04:21 UTC 2026
Cache sync 14 at Sat Mar 14 01:04:21 UTC 2026
Cache sync 15 at Sat Mar 14 01:04:21 UTC 2026
Cache sync 16 at Sat Mar 14 01:04:21 UTC 2026
Cache sync 17 at Sat Mar 14 01:04:21 UTC 2026
Cache sync 18 at Sat Mar 14 01:04:21 UTC 2026
Cache sync 19 at Sat Mar 14 01:04:21 UTC 2026
Cache sync 20 at Sat Mar 14 01:04:21 UTC 2026
Cache sync 21 at Sat Mar 14 01:04:21 UTC 2026
Cache sync 22 at Sat Mar 14 01:04:21 UTC 2026
Cache sync 23 at Sat Mar 14 01:04:21 UTC 2026
Cache sync 24 at Sat Mar 14 01:04:21 UTC 2026
Cache sync 25 at Sat Mar 14 01:04:21 UTC 2026
Cache sync 26 at Sat Mar 14 01:04:21 UTC 2026
Cache sync 27 at Sat Mar 14 01:04:21 UTC 2026
Cache sync 28 at Sat Mar 14 01:04:21 UTC 2026
Cache sync 29 at Sat Mar 14 01:04:21 UTC 2026
Cache sync 30 at Sat Mar 14 01:04:21 UTC 2026
Cache sync 31 at Sat Mar 14 01:04:21 UTC 2026
Cache sync 32 at Sat Mar 14 01:04:21 UTC 2026
Cache sync 33 at Sat Mar 14 01:04:21 UTC 2026
Cache sync 34 at Sat Mar 14 01:04:21 UTC 2026
Cache sync 35 at Sat Mar 14 01:04:21 UTC 2026
Cache sync 36 at Sat Mar 14 01:04:21 UTC 2026
Cache sync 37 at Sat Mar 14 01:04:21 UTC 2026
Cache sync 38 at Sat Mar 14 01:04:21 UTC 2026
Cache sync 39 at Sat Mar 14 01:04:21 UTC 2026
Cache sync 40 at Sat Mar 14 01:04:21 UTC 2026
Cache sync 41 at Sat Mar 14 01:04:21 UTC 2026
Cache sync 42 at Sat Mar 14 01:04:21 UTC 2026
Cache sync 43 at Sat Mar 14 01:04:21 UTC 2026
Cache sync 44 at Sat Mar 14 01:04:21 UTC 2026
Cache sync 45 at Sat Mar 14 01:04:21 UTC 2026
Cache sync 46 at Sat Mar 14 01:04:21 UTC 2026
Cache sync 47 at Sat Mar 14 01:04:21 UTC 2026
Cache sync 48 at Sat Mar 14 01:04:21 UTC 2026
Cache sync 49 at Sat Mar 14 01:04:21 UTC 2026
Cache sync 50 at Sat Mar 14 01:04:21 UTC 2026
Cache sync 51 at Sat Mar 14 01:04:21 UTC 2026
Cache sync 52 at Sat Mar 14 01:04:21 UTC 2026
Cache sync 1 at Sat Mar 14 12:26:18 UTC 2026
Cache sync 2 at Sat Mar 14 12:26:18 UTC 2026
Cache sync 3 at Sat Mar 14 12:26:18 UTC 2026
Cache sync 4 at Sat Mar 14 12:26:18 UTC 2026
Cache sync 5 at Sat Mar 14 12:26:18 UTC 2026
Cache sync 6 at Sat Mar 14 12:26:18 UTC 2026
Cache sync 7 at Sat Mar 14 12:26:18 UTC 2026
Cache sync 8 at Sat Mar 14 12:26:18 UTC 2026
Cache sync 9 at Sat Mar 14 12:26:18 UTC 2026
Cache sync 10 at Sat Mar 14 12:26:18 UTC 2026
Cache sync 11 at Sat Mar 14 12:26:18 UTC 2026
Cache sync 12 at Sat Mar 14 12:26:18 UTC 2026
Cache sync 13 at Sat Mar 14 12:26:18 UTC 2026
Cache sync 14 at Sat Mar 14 12:26:19 UTC 2026
Cache sync 15 at Sat Mar 14 12:26:19 UTC 2026
Cache sync 16 at Sat Mar 14 12:26:19 UTC 2026
Cache sync 17 at Sat Mar 14 12:26:19 UTC 2026
Cache sync 18 at Sat Mar 14 12:26:19 UTC 2026
Cache sync 19 at Sat Mar 14 12:26:19 UTC 2026
Cache sync 20 at Sat Mar 14 12:26:19 UTC 2026
Cache sync 21 at Sat Mar 14 12:26:19 UTC 2026
Cache sync 22 at Sat Mar 14 12:26:19 UTC 2026
Cache sync 23 at Sat Mar 14 12:26:19 UTC 2026
Cache sync 24 at Sat Mar 14 12:26:19 UTC 2026
Cache sync 1 at Sat Mar 14 18:21:37 UTC 2026
Cache sync 2 at Sat Mar 14 18:21:37 UTC 2026
Cache sync 3 at Sat Mar 14 18:21:37 UTC 2026
Cache sync 4 at Sat Mar 14 18:21:37 UTC 2026
Cache sync 5 at Sat Mar 14 18:21:37 UTC 2026
Cache sync 6 at Sat Mar 14 18:21:37 UTC 2026
Cache sync 7 at Sat Mar 14 18:21:37 UTC 2026
Cache sync 8 at Sat Mar 14 18:21:37 UTC 2026
Cache sync 9 at Sat Mar 14 18:21:37 UTC 2026
Cache sync 10 at Sat Mar 14 18:21:37 UTC 2026
Cache sync 11 at Sat Mar 14 18:21:37 UTC 2026
Cache sync 12 at Sat Mar 14 18:21:37 UTC 2026
Cache sync 13 at Sat Mar 14 18:21:37 UTC 2026
Cache sync 14 at Sat Mar 14 18:21:37 UTC 2026
Cache sync 15 at Sat Mar 14 18:21:37 UTC 2026
Cache sync 16 at Sat Mar 14 18:21:37 UTC 2026
Cache sync 17 at Sat Mar 14 18:21:37 UTC 2026
Cache sync 18 at Sat Mar 14 18:21:37 UTC 2026
Cache sync 19 at Sat Mar 14 18:21:37 UTC 2026
Cache sync 20 at Sat Mar 14 18:21:37 UTC 2026
Cache sync 21 at Sat Mar 14 18:21:38 UTC 2026
Cache sync 22 at Sat Mar 14 18:21:38 UTC 2026
Cache sync 23 at Sat Mar 14 18:21:38 UTC 2026
Cache sync 24 at Sat Mar 14 18:21:38 UTC 2026
Cache sync 25 at Sat Mar 14 18:21:38 UTC 2026
Cache sync 26 at Sat Mar 14 18:21:38 UTC 2026
Cache sync 27 at Sat Mar 14 18:21:38 UTC 2026
Cache sync 28 at Sat Mar 14 18:21:38 UTC 2026
Cache sync 1 at Sun Mar 15 01:15:00 UTC 2026
Cache sync 2 at Sun Mar 15 01:15:00 UTC 2026
Cache sync 3 at Sun Mar 15 01:15:00 UTC 2026
Cache sync 4 at Sun Mar 15 01:15:00 UTC 2026
Cache sync 5 at Sun Mar 15 01:15:00 UTC 2026
Cache sync 6 at Sun Mar 15 01:15:00 UTC 2026
Cache sync 7 at Sun Mar 15 01:15:00 UTC 2026
Cache sync 8 at Sun Mar 15 01:15:00 UTC 2026
Cache sync 9 at Sun Mar 15 01:15:00 UTC 2026
Cache sync 10 at Sun Mar 15 01:15:00 UTC 2026
Cache sync 11 at Sun Mar 15 01:15:00 UTC 2026
Cache sync 12 at Sun Mar 15 01:15:00 UTC 2026
Cache sync 13 at Sun Mar 15 01:15:00 UTC 2026
Cache sync 14 at Sun Mar 15 01:15:00 UTC 2026
Cache sync 15 at Sun Mar 15 01:15:00 UTC 2026
Cache sync 16 at Sun Mar 15 01:15:00 UTC 2026
Cache sync 17 at Sun Mar 15 01:15:00 UTC 2026
Cache sync 18 at Sun Mar 15 01:15:00 UTC 2026
Cache sync 19 at Sun Mar 15 01:15:00 UTC 2026
Cache sync 20 at Sun Mar 15 01:15:00 UTC 2026
Cache sync 21 at Sun Mar 15 01:15:00 UTC 2026
Cache sync 22 at Sun Mar 15 01:15:00 UTC 2026
Cache sync 23 at Sun Mar 15 01:15:00 UTC 2026
Cache sync 24 at Sun Mar 15 01:15:00 UTC 2026
Cache sync 25 at Sun Mar 15 01:15:00 UTC 2026
Cache sync 26 at Sun Mar 15 01:15:00 UTC 2026
Cache sync 27 at Sun Mar 15 01:15:00 UTC 2026
Cache sync 28 at Sun Mar 15 01:15:00 UTC 2026
Cache sync 29 at Sun Mar 15 01:15:00 UTC 2026
Cache sync 30 at Sun Mar 15 01:15:00 UTC 2026
Cache sync 31 at Sun Mar 15 01:15:00 UTC 2026
Cache sync 32 at Sun Mar 15 01:15:00 UTC 2026
Cache sync 33 at Sun Mar 15 01:15:00 UTC 2026
Cache sync 34 at Sun Mar 15 01:15:00 UTC 2026
Cache sync 35 at Sun Mar 15 01:15:00 UTC 2026
Cache sync 36 at Sun Mar 15 01:15:00 UTC 2026
Cache sync 37 at Sun Mar 15 01:15:00 UTC 2026
Cache sync 38 at Sun Mar 15 01:15:00 UTC 2026
Cache sync 39 at Sun Mar 15 01:15:00 UTC 2026
Cache sync 40 at Sun Mar 15 01:15:00 UTC 2026
Cache sync 41 at Sun Mar 15 01:15:00 UTC 2026
Cache sync 42 at Sun Mar 15 01:15:00 UTC 2026
Cache sync 43 at Sun Mar 15 01:15:00 UTC 2026
Cache sync 44 at Sun Mar 15 01:15:00 UTC 2026
Cache sync 45 at Sun Mar 15 01:15:00 UTC 2026
Cache sync 46 at Sun Mar 15 01:15:00 UTC 2026
Cache sync 47 at Sun Mar 15 01:15:00 UTC 2026
Cache sync 48 at Sun Mar 15 01:15:00 UTC 2026
Cache sync 49 at Sun Mar 15 01:15:00 UTC 2026
Cache sync 1 at Sun Mar 15 06:42:51 UTC 2026
Cache sync 2 at Sun Mar 15 06:42:51 UTC 2026
Cache sync 3 at Sun Mar 15 06:42:51 UTC 2026
Cache sync 4 at Sun Mar 15 06:42:51 UTC 2026
Cache sync 5 at Sun Mar 15 06:42:51 UTC 2026
Cache sync 6 at Sun Mar 15 06:42:51 UTC 2026
Cache sync 7 at Sun Mar 15 06:42:51 UTC 2026
Cache sync 8 at Sun Mar 15 06:42:51 UTC 2026
Cache sync 9 at Sun Mar 15 06:42:51 UTC 2026
Cache sync 10 at Sun Mar 15 06:42:51 UTC 2026
Cache sync 11 at Sun Mar 15 06:42:51 UTC 2026
Cache sync 12 at Sun Mar 15 06:42:51 UTC 2026
Cache sync 13 at Sun Mar 15 06:42:51 UTC 2026
Cache sync 14 at Sun Mar 15 06:42:51 UTC 2026
Cache sync 15 at Sun Mar 15 06:42:51 UTC 2026
Cache sync 16 at Sun Mar 15 06:42:51 UTC 2026
Cache sync 17 at Sun Mar 15 06:42:51 UTC 2026
Cache sync 18 at Sun Mar 15 06:42:51 UTC 2026
Cache sync 19 at Sun Mar 15 06:42:51 UTC 2026
Cache sync 20 at Sun Mar 15 06:42:51 UTC 2026
Cache sync 21 at Sun Mar 15 06:42:51 UTC 2026
Cache sync 22 at Sun Mar 15 06:42:51 UTC 2026
Cache sync 23 at Sun Mar 15 06:42:51 UTC 2026
Cache sync 24 at Sun Mar 15 06:42:51 UTC 2026
Cache sync 25 at Sun Mar 15 06:42:51 UTC 2026
Cache sync 26 at Sun Mar 15 06:42:51 UTC 2026
Cache sync 27 at Sun Mar 15 06:42:51 UTC 2026
Cache sync 28 at Sun Mar 15 06:42:51 UTC 2026
Cache sync 29 at Sun Mar 15 06:42:51 UTC 2026
Cache sync 30 at Sun Mar 15 06:42:51 UTC 2026
Cache sync 31 at Sun Mar 15 06:42:51 UTC 2026
Cache sync 32 at Sun Mar 15 06:42:51 UTC 2026
Cache sync 33 at Sun Mar 15 06:42:51 UTC 2026
Cache sync 34 at Sun Mar 15 06:42:51 UTC 2026
Cache sync 35 at Sun Mar 15 06:42:51 UTC 2026
Cache sync 36 at Sun Mar 15 06:42:51 UTC 2026
Cache sync 37 at Sun Mar 15 06:42:51 UTC 2026
Cache sync 38 at Sun Mar 15 06:42:51 UTC 2026
Cache sync 39 at Sun Mar 15 06:42:51 UTC 2026
Cache sync 40 at Sun Mar 15 06:42:51 UTC 2026
Cache sync 41 at Sun Mar 15 06:42:51 UTC 2026
Cache sync 42 at Sun Mar 15 06:42:51 UTC 2026
Cache sync 43 at Sun Mar 15 06:42:51 UTC 2026
Cache sync 44 at Sun Mar 15 06:42:51 UTC 2026
Cache sync 45 at Sun Mar 15 06:42:51 UTC 2026
Cache sync 46 at Sun Mar 15 06:42:51 UTC 2026
Cache sync 47 at Sun Mar 15 06:42:51 UTC 2026
Cache sync 48 at Sun Mar 15 06:42:51 UTC 2026
Cache sync 49 at Sun Mar 15 06:42:51 UTC 2026
Cache sync 50 at Sun Mar 15 06:42:51 UTC 2026
Cache sync 51 at Sun Mar 15 06:42:51 UTC 2026
Cache sync 52 at Sun Mar 15 06:42:51 UTC 2026
Cache sync 53 at Sun Mar 15 06:42:51 UTC 2026
Cache sync 54 at Sun Mar 15 06:42:51 UTC 2026
Cache sync 55 at Sun Mar 15 06:42:51 UTC 2026
Cache sync 1 at Sun Mar 15 12:27:47 UTC 2026
Cache sync 2 at Sun Mar 15 12:27:47 UTC 2026
Cache sync 3 at Sun Mar 15 12:27:47 UTC 2026
Cache sync 4 at Sun Mar 15 12:27:47 UTC 2026
Cache sync 5 at Sun Mar 15 12:27:47 UTC 2026
Cache sync 6 at Sun Mar 15 12:27:47 UTC 2026
Cache sync 7 at Sun Mar 15 12:27:47 UTC 2026
Cache sync 8 at Sun Mar 15 12:27:47 UTC 2026
Cache sync 9 at Sun Mar 15 12:27:47 UTC 2026
Cache sync 10 at Sun Mar 15 12:27:47 UTC 2026
Cache sync 11 at Sun Mar 15 12:27:47 UTC 2026
Cache sync 12 at Sun Mar 15 12:27:47 UTC 2026
Cache sync 13 at Sun Mar 15 12:27:47 UTC 2026
Cache sync 14 at Sun Mar 15 12:27:47 UTC 2026
Cache sync 15 at Sun Mar 15 12:27:47 UTC 2026
Cache sync 16 at Sun Mar 15 12:27:47 UTC 2026
Cache sync 17 at Sun Mar 15 12:27:47 UTC 2026
Cache sync 18 at Sun Mar 15 12:27:47 UTC 2026
Cache sync 19 at Sun Mar 15 12:27:47 UTC 2026
Cache sync 20 at Sun Mar 15 12:27:47 UTC 2026
Cache sync 21 at Sun Mar 15 12:27:47 UTC 2026
Cache sync 22 at Sun Mar 15 12:27:47 UTC 2026
Cache sync 23 at Sun Mar 15 12:27:47 UTC 2026
Cache sync 24 at Sun Mar 15 12:27:47 UTC 2026
Cache sync 25 at Sun Mar 15 12:27:47 UTC 2026
Cache sync 26 at Sun Mar 15 12:27:47 UTC 2026
Cache sync 27 at Sun Mar 15 12:27:47 UTC 2026
Cache sync 28 at Sun Mar 15 12:27:47 UTC 2026
Cache sync 1 at Sun Mar 15 18:23:11 UTC 2026
Cache sync 2 at Sun Mar 15 18:23:11 UTC 2026
Cache sync 3 at Sun Mar 15 18:23:11 UTC 2026
Cache sync 4 at Sun Mar 15 18:23:11 UTC 2026
Cache sync 5 at Sun Mar 15 18:23:11 UTC 2026
Cache sync 6 at Sun Mar 15 18:23:11 UTC 2026
Cache sync 7 at Sun Mar 15 18:23:11 UTC 2026
Cache sync 8 at Sun Mar 15 18:23:11 UTC 2026
Cache sync 9 at Sun Mar 15 18:23:11 UTC 2026
Cache sync 10 at Sun Mar 15 18:23:11 UTC 2026
Cache sync 11 at Sun Mar 15 18:23:11 UTC 2026
Cache sync 12 at Sun Mar 15 18:23:11 UTC 2026
Cache sync 13 at Sun Mar 15 18:23:11 UTC 2026
Cache sync 14 at Sun Mar 15 18:23:11 UTC 2026
Cache sync 15 at Sun Mar 15 18:23:11 UTC 2026
Cache sync 16 at Sun Mar 15 18:23:11 UTC 2026
Cache sync 17 at Sun Mar 15 18:23:11 UTC 2026
Cache sync 18 at Sun Mar 15 18:23:11 UTC 2026
Cache sync 19 at Sun Mar 15 18:23:11 UTC 2026
Cache sync 20 at Sun Mar 15 18:23:11 UTC 2026
Cache sync 21 at Sun Mar 15 18:23:11 UTC 2026
Cache sync 22 at Sun Mar 15 18:23:11 UTC 2026
Cache sync 23 at Sun Mar 15 18:23:11 UTC 2026
Cache sync 24 at Sun Mar 15 18:23:11 UTC 2026
Cache sync 25 at Sun Mar 15 18:23:11 UTC 2026
Cache sync 26 at Sun Mar 15 18:23:11 UTC 2026
Cache sync 27 at Sun Mar 15 18:23:11 UTC 2026
Cache sync 28 at Sun Mar 15 18:23:11 UTC 2026
Cache sync 29 at Sun Mar 15 18:23:11 UTC 2026
Cache sync 30 at Sun Mar 15 18:23:11 UTC 2026
Cache sync 31 at Sun Mar 15 18:23:11 UTC 2026
Cache sync 32 at Sun Mar 15 18:23:11 UTC 2026
Cache sync 33 at Sun Mar 15 18:23:11 UTC 2026
Cache sync 34 at Sun Mar 15 18:23:11 UTC 2026
Cache sync 35 at Sun Mar 15 18:23:11 UTC 2026
Cache sync 36 at Sun Mar 15 18:23:11 UTC 2026
Cache sync 37 at Sun Mar 15 18:23:11 UTC 2026
Cache sync 38 at Sun Mar 15 18:23:11 UTC 2026
Cache sync 39 at Sun Mar 15 18:23:11 UTC 2026
Cache sync 40 at Sun Mar 15 18:23:11 UTC 2026
Cache sync 41 at Sun Mar 15 18:23:11 UTC 2026
Cache sync 42 at Sun Mar 15 18:23:11 UTC 2026
Cache sync 43 at Sun Mar 15 18:23:11 UTC 2026
Cache sync 44 at Sun Mar 15 18:23:11 UTC 2026
Cache sync 45 at Sun Mar 15 18:23:11 UTC 2026
Cache sync 46 at Sun Mar 15 18:23:11 UTC 2026
Cache sync 47 at Sun Mar 15 18:23:11 UTC 2026
Cache sync 48 at Sun Mar 15 18:23:11 UTC 2026
Cache sync 49 at Sun Mar 15 18:23:11 UTC 2026
Cache sync 50 at Sun Mar 15 18:23:11 UTC 2026
Cache sync 51 at Sun Mar 15 18:23:11 UTC 2026
Cache sync 52 at Sun Mar 15 18:23:11 UTC 2026
Cache sync 53 at Sun Mar 15 18:23:11 UTC 2026
Cache sync 54 at Sun Mar 15 18:23:11 UTC 2026
Cache sync 55 at Sun Mar 15 18:23:11 UTC 2026
Cache sync 56 at Sun Mar 15 18:23:11 UTC 2026
Cache sync 57 at Sun Mar 15 18:23:11 UTC 2026
Cache sync 58 at Sun Mar 15 18:23:11 UTC 2026
Cache sync 59 at Sun Mar 15 18:23:11 UTC 2026
Cache sync 60 at Sun Mar 15 18:23:11 UTC 2026
Cache sync 61 at Sun Mar 15 18:23:11 UTC 2026
Cache sync 62 at Sun Mar 15 18:23:11 UTC 2026
Cache sync 63 at Sun Mar 15 18:23:11 UTC 2026
Cache sync 64 at Sun Mar 15 18:23:11 UTC 2026
Cache sync 65 at Sun Mar 15 18:23:11 UTC 2026
Cache sync 66 at Sun Mar 15 18:23:11 UTC 2026
Cache sync 67 at Sun Mar 15 18:23:11 UTC 2026
Cache sync 68 at Sun Mar 15 18:23:11 UTC 2026
Cache sync 69 at Sun Mar 15 18:23:11 UTC 2026
Cache sync 70 at Sun Mar 15 18:23:11 UTC 2026
Cache sync 71 at Sun Mar 15 18:23:11 UTC 2026
Cache sync 72 at Sun Mar 15 18:23:11 UTC 2026
Cache sync 1 at Mon Mar 16 01:15:33 UTC 2026
Cache sync 2 at Mon Mar 16 01:15:33 UTC 2026
Cache sync 3 at Mon Mar 16 01:15:33 UTC 2026
Cache sync 4 at Mon Mar 16 01:15:33 UTC 2026
Cache sync 5 at Mon Mar 16 01:15:33 UTC 2026
Cache sync 6 at Mon Mar 16 01:15:33 UTC 2026
Cache sync 7 at Mon Mar 16 01:15:33 UTC 2026
Cache sync 8 at Mon Mar 16 01:15:33 UTC 2026
Cache sync 9 at Mon Mar 16 01:15:33 UTC 2026
Cache sync 10 at Mon Mar 16 01:15:33 UTC 2026
Cache sync 1 at Mon Mar 16 07:03:31 UTC 2026
Cache sync 2 at Mon Mar 16 07:03:31 UTC 2026
Cache sync 3 at Mon Mar 16 07:03:31 UTC 2026
Cache sync 4 at Mon Mar 16 07:03:31 UTC 2026
Cache sync 5 at Mon Mar 16 07:03:31 UTC 2026
Cache sync 6 at Mon Mar 16 07:03:31 UTC 2026
Cache sync 7 at Mon Mar 16 07:03:31 UTC 2026
Cache sync 8 at Mon Mar 16 07:03:31 UTC 2026
Cache sync 9 at Mon Mar 16 07:03:31 UTC 2026
Cache sync 10 at Mon Mar 16 07:03:31 UTC 2026
Cache sync 11 at Mon Mar 16 07:03:31 UTC 2026
Cache sync 12 at Mon Mar 16 07:03:31 UTC 2026
Cache sync 13 at Mon Mar 16 07:03:31 UTC 2026
Cache sync 14 at Mon Mar 16 07:03:31 UTC 2026
Cache sync 15 at Mon Mar 16 07:03:31 UTC 2026
Cache sync 16 at Mon Mar 16 07:03:31 UTC 2026
Cache sync 17 at Mon Mar 16 07:03:31 UTC 2026
Cache sync 18 at Mon Mar 16 07:03:31 UTC 2026
Cache sync 19 at Mon Mar 16 07:03:31 UTC 2026
Cache sync 20 at Mon Mar 16 07:03:31 UTC 2026
Cache sync 21 at Mon Mar 16 07:03:31 UTC 2026
Cache sync 22 at Mon Mar 16 07:03:31 UTC 2026
Cache sync 23 at Mon Mar 16 07:03:32 UTC 2026
Cache sync 24 at Mon Mar 16 07:03:32 UTC 2026
Cache sync 25 at Mon Mar 16 07:03:32 UTC 2026
Cache sync 26 at Mon Mar 16 07:03:32 UTC 2026
Cache sync 27 at Mon Mar 16 07:03:32 UTC 2026
Cache sync 28 at Mon Mar 16 07:03:32 UTC 2026
Cache sync 29 at Mon Mar 16 07:03:32 UTC 2026
Cache sync 30 at Mon Mar 16 07:03:32 UTC 2026
Cache sync 31 at Mon Mar 16 07:03:32 UTC 2026
Cache sync 32 at Mon Mar 16 07:03:32 UTC 2026
Cache sync 33 at Mon Mar 16 07:03:32 UTC 2026
Cache sync 34 at Mon Mar 16 07:03:32 UTC 2026
Cache sync 35 at Mon Mar 16 07:03:32 UTC 2026
Cache sync 36 at Mon Mar 16 07:03:32 UTC 2026
Cache sync 37 at Mon Mar 16 07:03:32 UTC 2026
Cache sync 38 at Mon Mar 16 07:03:32 UTC 2026
Cache sync 39 at Mon Mar 16 07:03:32 UTC 2026
Cache sync 40 at Mon Mar 16 07:03:32 UTC 2026
Cache sync 41 at Mon Mar 16 07:03:32 UTC 2026
Cache sync 42 at Mon Mar 16 07:03:32 UTC 2026
Cache sync 43 at Mon Mar 16 07:03:32 UTC 2026
Cache sync 44 at Mon Mar 16 07:03:32 UTC 2026
Cache sync 45 at Mon Mar 16 07:03:32 UTC 2026
Cache sync 46 at Mon Mar 16 07:03:32 UTC 2026
Cache sync 47 at Mon Mar 16 07:03:32 UTC 2026
Cache sync 48 at Mon Mar 16 07:03:32 UTC 2026
Cache sync 49 at Mon Mar 16 07:03:32 UTC 2026
Cache sync 50 at Mon Mar 16 07:03:32 UTC 2026
Cache sync 51 at Mon Mar 16 07:03:32 UTC 2026
Cache sync 52 at Mon Mar 16 07:03:32 UTC 2026
Cache sync 53 at Mon Mar 16 07:03:32 UTC 2026
Cache sync 54 at Mon Mar 16 07:03:32 UTC 2026
Cache sync 55 at Mon Mar 16 07:03:32 UTC 2026
Cache sync 56 at Mon Mar 16 07:03:32 UTC 2026
Cache sync 57 at Mon Mar 16 07:03:32 UTC 2026
Cache sync 58 at Mon Mar 16 07:03:32 UTC 2026
Cache sync 59 at Mon Mar 16 07:03:32 UTC 2026
Cache sync 60 at Mon Mar 16 07:03:32 UTC 2026
Cache sync 61 at Mon Mar 16 07:03:32 UTC 2026
Cache sync 62 at Mon Mar 16 07:03:32 UTC 2026
Cache sync 63 at Mon Mar 16 07:03:32 UTC 2026
Cache sync 64 at Mon Mar 16 07:03:32 UTC 2026
Cache sync 65 at Mon Mar 16 07:03:32 UTC 2026
Cache sync 66 at Mon Mar 16 07:03:32 UTC 2026
Cache sync 67 at Mon Mar 16 07:03:32 UTC 2026
Cache sync 1 at Mon Mar 16 12:43:36 UTC 2026
Cache sync 2 at Mon Mar 16 12:43:36 UTC 2026
Cache sync 3 at Mon Mar 16 12:43:36 UTC 2026
Cache sync 4 at Mon Mar 16 12:43:36 UTC 2026
Cache sync 5 at Mon Mar 16 12:43:36 UTC 2026
Cache sync 6 at Mon Mar 16 12:43:36 UTC 2026
Cache sync 7 at Mon Mar 16 12:43:36 UTC 2026
Cache sync 8 at Mon Mar 16 12:43:36 UTC 2026
Cache sync 9 at Mon Mar 16 12:43:36 UTC 2026
Cache sync 10 at Mon Mar 16 12:43:36 UTC 2026
Cache sync 11 at Mon Mar 16 12:43:36 UTC 2026
Cache sync 12 at Mon Mar 16 12:43:36 UTC 2026
Cache sync 13 at Mon Mar 16 12:43:36 UTC 2026
Cache sync 14 at Mon Mar 16 12:43:36 UTC 2026
Cache sync 15 at Mon Mar 16 12:43:36 UTC 2026
Cache sync 16 at Mon Mar 16 12:43:36 UTC 2026
Cache sync 17 at Mon Mar 16 12:43:36 UTC 2026
Cache sync 18 at Mon Mar 16 12:43:36 UTC 2026
Cache sync 19 at Mon Mar 16 12:43:36 UTC 2026
Cache sync 20 at Mon Mar 16 12:43:36 UTC 2026
Cache sync 21 at Mon Mar 16 12:43:36 UTC 2026
Cache sync 22 at Mon Mar 16 12:43:36 UTC 2026
Cache sync 23 at Mon Mar 16 12:43:36 UTC 2026
Cache sync 24 at Mon Mar 16 12:43:36 UTC 2026
Cache sync 25 at Mon Mar 16 12:43:36 UTC 2026
Cache sync 26 at Mon Mar 16 12:43:36 UTC 2026
Cache sync 27 at Mon Mar 16 12:43:36 UTC 2026
Cache sync 28 at Mon Mar 16 12:43:36 UTC 2026
Cache sync 29 at Mon Mar 16 12:43:36 UTC 2026
Cache sync 30 at Mon Mar 16 12:43:36 UTC 2026
Cache sync 31 at Mon Mar 16 12:43:36 UTC 2026
Cache sync 32 at Mon Mar 16 12:43:36 UTC 2026
Cache sync 33 at Mon Mar 16 12:43:36 UTC 2026
Cache sync 34 at Mon Mar 16 12:43:36 UTC 2026
Cache sync 35 at Mon Mar 16 12:43:36 UTC 2026
Cache sync 36 at Mon Mar 16 12:43:36 UTC 2026
Cache sync 37 at Mon Mar 16 12:43:36 UTC 2026
Cache sync 38 at Mon Mar 16 12:43:36 UTC 2026
Cache sync 39 at Mon Mar 16 12:43:36 UTC 2026
Cache sync 40 at Mon Mar 16 12:43:36 UTC 2026
Cache sync 41 at Mon Mar 16 12:43:37 UTC 2026
Cache sync 42 at Mon Mar 16 12:43:37 UTC 2026
Cache sync 43 at Mon Mar 16 12:43:37 UTC 2026
Cache sync 44 at Mon Mar 16 12:43:37 UTC 2026
Cache sync 45 at Mon Mar 16 12:43:37 UTC 2026
Cache sync 46 at Mon Mar 16 12:43:37 UTC 2026
Cache sync 47 at Mon Mar 16 12:43:37 UTC 2026
Cache sync 48 at Mon Mar 16 12:43:37 UTC 2026
Cache sync 49 at Mon Mar 16 12:43:37 UTC 2026
Cache sync 50 at Mon Mar 16 12:43:37 UTC 2026
Cache sync 51 at Mon Mar 16 12:43:37 UTC 2026
Cache sync 52 at Mon Mar 16 12:43:37 UTC 2026
Cache sync 53 at Mon Mar 16 12:43:37 UTC 2026
Cache sync 54 at Mon Mar 16 12:43:37 UTC 2026
Cache sync 55 at Mon Mar 16 12:43:37 UTC 2026
Cache sync 1 at Mon Mar 16 18:45:30 UTC 2026
Cache sync 2 at Mon Mar 16 18:45:30 UTC 2026
Cache sync 3 at Mon Mar 16 18:45:30 UTC 2026
Cache sync 4 at Mon Mar 16 18:45:30 UTC 2026
Cache sync 5 at Mon Mar 16 18:45:30 UTC 2026
Cache sync 6 at Mon Mar 16 18:45:30 UTC 2026
Cache sync 7 at Mon Mar 16 18:45:30 UTC 2026
Cache sync 8 at Mon Mar 16 18:45:30 UTC 2026
Cache sync 9 at Mon Mar 16 18:45:30 UTC 2026
Cache sync 10 at Mon Mar 16 18:45:30 UTC 2026
Cache sync 11 at Mon Mar 16 18:45:30 UTC 2026
Cache sync 12 at Mon Mar 16 18:45:30 UTC 2026
Cache sync 13 at Mon Mar 16 18:45:30 UTC 2026
Cache sync 14 at Mon Mar 16 18:45:30 UTC 2026
Cache sync 15 at Mon Mar 16 18:45:30 UTC 2026
Cache sync 16 at Mon Mar 16 18:45:30 UTC 2026
Cache sync 17 at Mon Mar 16 18:45:30 UTC 2026
Cache sync 18 at Mon Mar 16 18:45:30 UTC 2026
Cache sync 19 at Mon Mar 16 18:45:30 UTC 2026
Cache sync 20 at Mon Mar 16 18:45:30 UTC 2026
Cache sync 21 at Mon Mar 16 18:45:30 UTC 2026
Cache sync 22 at Mon Mar 16 18:45:30 UTC 2026
Cache sync 23 at Mon Mar 16 18:45:30 UTC 2026
Cache sync 24 at Mon Mar 16 18:45:30 UTC 2026
Cache sync 25 at Mon Mar 16 18:45:30 UTC 2026
Cache sync 26 at Mon Mar 16 18:45:30 UTC 2026
Cache sync 27 at Mon Mar 16 18:45:30 UTC 2026
Cache sync 28 at Mon Mar 16 18:45:30 UTC 2026
Cache sync 29 at Mon Mar 16 18:45:30 UTC 2026
Cache sync 30 at Mon Mar 16 18:45:30 UTC 2026
Cache sync 31 at Mon Mar 16 18:45:30 UTC 2026
Cache sync 32 at Mon Mar 16 18:45:30 UTC 2026
Cache sync 33 at Mon Mar 16 18:45:30 UTC 2026
Cache sync 34 at Mon Mar 16 18:45:30 UTC 2026
Cache sync 35 at Mon Mar 16 18:45:30 UTC 2026
Cache sync 36 at Mon Mar 16 18:45:30 UTC 2026
Cache sync 37 at Mon Mar 16 18:45:30 UTC 2026
Cache sync 38 at Mon Mar 16 18:45:30 UTC 2026
Cache sync 39 at Mon Mar 16 18:45:30 UTC 2026
Cache sync 40 at Mon Mar 16 18:45:30 UTC 2026
Cache sync 41 at Mon Mar 16 18:45:30 UTC 2026
Cache sync 42 at Mon Mar 16 18:45:30 UTC 2026
Cache sync 43 at Mon Mar 16 18:45:30 UTC 2026
Cache sync 44 at Mon Mar 16 18:45:30 UTC 2026
Cache sync 45 at Mon Mar 16 18:45:30 UTC 2026
Cache sync 46 at Mon Mar 16 18:45:30 UTC 2026
Cache sync 47 at Mon Mar 16 18:45:30 UTC 2026
Cache sync 48 at Mon Mar 16 18:45:30 UTC 2026
Cache sync 49 at Mon Mar 16 18:45:30 UTC 2026
Cache sync 50 at Mon Mar 16 18:45:30 UTC 2026
Cache sync 51 at Mon Mar 16 18:45:30 UTC 2026
Cache sync 52 at Mon Mar 16 18:45:31 UTC 2026
Cache sync 1 at Tue Mar 17 01:06:53 UTC 2026
Cache sync 2 at Tue Mar 17 01:06:53 UTC 2026
Cache sync 3 at Tue Mar 17 01:06:53 UTC 2026
Cache sync 4 at Tue Mar 17 01:06:53 UTC 2026
Cache sync 5 at Tue Mar 17 01:06:53 UTC 2026
Cache sync 6 at Tue Mar 17 01:06:53 UTC 2026
Cache sync 7 at Tue Mar 17 01:06:53 UTC 2026
Cache sync 8 at Tue Mar 17 01:06:53 UTC 2026
Cache sync 9 at Tue Mar 17 01:06:53 UTC 2026
Cache sync 10 at Tue Mar 17 01:06:53 UTC 2026
Cache sync 11 at Tue Mar 17 01:06:53 UTC 2026
Cache sync 12 at Tue Mar 17 01:06:53 UTC 2026
Cache sync 13 at Tue Mar 17 01:06:53 UTC 2026
Cache sync 14 at Tue Mar 17 01:06:53 UTC 2026
Cache sync 15 at Tue Mar 17 01:06:53 UTC 2026
Cache sync 16 at Tue Mar 17 01:06:53 UTC 2026
Cache sync 17 at Tue Mar 17 01:06:53 UTC 2026
Cache sync 18 at Tue Mar 17 01:06:53 UTC 2026
Cache sync 19 at Tue Mar 17 01:06:53 UTC 2026
Cache sync 20 at Tue Mar 17 01:06:53 UTC 2026
Cache sync 21 at Tue Mar 17 01:06:53 UTC 2026
Cache sync 22 at Tue Mar 17 01:06:53 UTC 2026
Cache sync 23 at Tue Mar 17 01:06:53 UTC 2026
Cache sync 24 at Tue Mar 17 01:06:53 UTC 2026
Cache sync 25 at Tue Mar 17 01:06:54 UTC 2026
Cache sync 26 at Tue Mar 17 01:06:54 UTC 2026
Cache sync 27 at Tue Mar 17 01:06:54 UTC 2026
Cache sync 28 at Tue Mar 17 01:06:54 UTC 2026
Cache sync 29 at Tue Mar 17 01:06:54 UTC 2026
Cache sync 30 at Tue Mar 17 01:06:54 UTC 2026
Cache sync 31 at Tue Mar 17 01:06:54 UTC 2026
Cache sync 32 at Tue Mar 17 01:06:54 UTC 2026
Cache sync 33 at Tue Mar 17 01:06:54 UTC 2026
Cache sync 34 at Tue Mar 17 01:06:54 UTC 2026
Cache sync 35 at Tue Mar 17 01:06:54 UTC 2026
Cache sync 36 at Tue Mar 17 01:06:54 UTC 2026
Cache sync 37 at Tue Mar 17 01:06:54 UTC 2026
Cache sync 38 at Tue Mar 17 01:06:54 UTC 2026
Cache sync 39 at Tue Mar 17 01:06:54 UTC 2026
Cache sync 40 at Tue Mar 17 01:06:54 UTC 2026
Cache sync 41 at Tue Mar 17 01:06:54 UTC 2026
Cache sync 42 at Tue Mar 17 01:06:54 UTC 2026
Cache sync 43 at Tue Mar 17 01:06:54 UTC 2026
Cache sync 44 at Tue Mar 17 01:06:54 UTC 2026
Cache sync 45 at Tue Mar 17 01:06:54 UTC 2026
Cache sync 46 at Tue Mar 17 01:06:54 UTC 2026
Cache sync 47 at Tue Mar 17 01:06:54 UTC 2026
Cache sync 48 at Tue Mar 17 01:06:54 UTC 2026
Cache sync 49 at Tue Mar 17 01:06:54 UTC 2026
Cache sync 50 at Tue Mar 17 01:06:54 UTC 2026
Cache sync 51 at Tue Mar 17 01:06:54 UTC 2026
Cache sync 52 at Tue Mar 17 01:06:54 UTC 2026
Cache sync 53 at Tue Mar 17 01:06:54 UTC 2026
Cache sync 54 at Tue Mar 17 01:06:54 UTC 2026
Cache sync 55 at Tue Mar 17 01:06:54 UTC 2026
Cache sync 56 at Tue Mar 17 01:06:54 UTC 2026
Cache sync 57 at Tue Mar 17 01:06:54 UTC 2026
Cache sync 58 at Tue Mar 17 01:06:54 UTC 2026
Cache sync 59 at Tue Mar 17 01:06:54 UTC 2026
Cache sync 60 at Tue Mar 17 01:06:54 UTC 2026
Cache sync 61 at Tue Mar 17 01:06:54 UTC 2026
Cache sync 62 at Tue Mar 17 01:06:54 UTC 2026
Cache sync 63 at Tue Mar 17 01:06:54 UTC 2026
Cache sync 64 at Tue Mar 17 01:06:54 UTC 2026
Cache sync 65 at Tue Mar 17 01:06:54 UTC 2026
Cache sync 66 at Tue Mar 17 01:06:54 UTC 2026
Cache sync 67 at Tue Mar 17 01:06:54 UTC 2026
Cache sync 68 at Tue Mar 17 01:06:54 UTC 2026
Cache sync 69 at Tue Mar 17 01:06:54 UTC 2026
Cache sync 70 at Tue Mar 17 01:06:54 UTC 2026
Cache sync 71 at Tue Mar 17 01:06:54 UTC 2026
Cache sync 72 at Tue Mar 17 01:06:54 UTC 2026
Cache sync 73 at Tue Mar 17 01:06:54 UTC 2026
Cache sync 74 at Tue Mar 17 01:06:54 UTC 2026
Cache sync 75 at Tue Mar 17 01:06:54 UTC 2026
Cache sync 76 at Tue Mar 17 01:06:54 UTC 2026
Cache sync 77 at Tue Mar 17 01:06:54 UTC 2026
Cache sync 78 at Tue Mar 17 01:06:54 UTC 2026
Cache sync 1 at Tue Mar 17 06:50:21 UTC 2026
Cache sync 2 at Tue Mar 17 06:50:21 UTC 2026
Cache sync 3 at Tue Mar 17 06:50:21 UTC 2026
Cache sync 4 at Tue Mar 17 06:50:21 UTC 2026
Cache sync 5 at Tue Mar 17 06:50:21 UTC 2026
Cache sync 6 at Tue Mar 17 06:50:21 UTC 2026
Cache sync 7 at Tue Mar 17 06:50:21 UTC 2026
Cache sync 8 at Tue Mar 17 06:50:21 UTC 2026
Cache sync 9 at Tue Mar 17 06:50:21 UTC 2026
Cache sync 10 at Tue Mar 17 06:50:21 UTC 2026
Cache sync 11 at Tue Mar 17 06:50:22 UTC 2026
Cache sync 12 at Tue Mar 17 06:50:22 UTC 2026
Cache sync 13 at Tue Mar 17 06:50:22 UTC 2026
Cache sync 14 at Tue Mar 17 06:50:22 UTC 2026
Cache sync 15 at Tue Mar 17 06:50:22 UTC 2026
Cache sync 16 at Tue Mar 17 06:50:22 UTC 2026
Cache sync 17 at Tue Mar 17 06:50:22 UTC 2026
Cache sync 18 at Tue Mar 17 06:50:22 UTC 2026
Cache sync 19 at Tue Mar 17 06:50:22 UTC 2026
Cache sync 20 at Tue Mar 17 06:50:22 UTC 2026
Cache sync 21 at Tue Mar 17 06:50:22 UTC 2026
Cache sync 22 at Tue Mar 17 06:50:22 UTC 2026
Cache sync 23 at Tue Mar 17 06:50:22 UTC 2026
Cache sync 24 at Tue Mar 17 06:50:22 UTC 2026
Cache sync 25 at Tue Mar 17 06:50:22 UTC 2026
Cache sync 26 at Tue Mar 17 06:50:22 UTC 2026
Cache sync 27 at Tue Mar 17 06:50:22 UTC 2026
